#
# There is insufficient memory for the Java Runtime Environment to continue.
# Native memory allocation (malloc) failed to allocate 32744 bytes for ChunkPool::allocate
# Possible reasons:
#   The system is out of physical RAM or swap space
#   The process is running with CompressedOops enabled, and the Java Heap may be blocking the growth of the native heap
# Possible solutions:
#   Reduce memory load on the system
#   Increase physical memory or swap space
#   Check if swap backing store is full
#   Decrease Java heap size (-Xmx/-Xms)
#   Decrease number of Java threads
#   Decrease Java thread stack sizes (-Xss)
#   Set larger code cache with -XX:ReservedCodeCacheSize=
#   JVM is running with Unscaled Compressed Oops mode in which the Java heap is
#     placed in the first 4GB address space. The Java Heap base address is the
#     maximum limit for the native heap growth. Please use -XX:HeapBaseMinAddress
#     to set the Java Heap base and to place the Java Heap above 4GB virtual address.
# This output file may be truncated or incomplete.
#
#  Out of Memory Error (t:/workspace/open/src/hotspot/share/memory/arena.cpp:81), pid=10296, tid=13772
#
# JRE version: Java(TM) SE Runtime Environment (11.0.2+9) (build 11.0.2+9-LTS)
# Java VM: Java HotSpot(TM) 64-Bit Server VM (11.0.2+9-LTS, mixed mode, tiered, compressed oops, g1 gc, windows-amd64)
# No core dump will be written. Minidumps are not enabled by default on client versions of Windows
#

---------------  S U M M A R Y ------------

Command Line: -ea -Didea.test.cyclic.buffer.size=1048576 -javaagent:C:\Program Files\JetBrains\IntelliJ IDEA 2020.2.2\lib\idea_rt.jar=62192:C:\Program Files\JetBrains\IntelliJ IDEA 2020.2.2\bin -Dfile.encoding=UTF-8 com.intellij.rt.junit.JUnitStarter -ideVersion5 -junit5 project_java.project.controller.CategoryControllerIT,addNewCategory

Host: Intel(R) Core(TM) i7-8550U CPU @ 1.80GHz, 8 cores, 7G,  Windows 10 , 64 bit Build 18362 (10.0.18362.1110)
Time: Thu Jan 14 22:01:59 2021 GTB Standard Time elapsed time: 0 seconds (0d 0h 0m 0s)

---------------  T H R E A D  ---------------

Current thread (0x000002953e119000):  JavaThread "C1 CompilerThread0" daemon [_thread_in_native, id=13772, stack(0x000000eee9500000,0x000000eee9600000)]


Current CompileTask:
C1:    684  786       3       java.net.URLStreamHandler::parseURL (1201 bytes)

Stack: [0x000000eee9500000,0x000000eee9600000]
Native frames: (J=compiled Java code, j=interpreted, Vv=VM code, C=native code)
V  [jvm.dll+0x63574a]
V  [jvm.dll+0x77326f]
V  [jvm.dll+0x77491a]
V  [jvm.dll+0x774fd3]
V  [jvm.dll+0x25e418]
V  [jvm.dll+0xc237b]
V  [jvm.dll+0xc26dc]
V  [jvm.dll+0x11503c]
V  [jvm.dll+0x1910ce]
V  [jvm.dll+0x12c32e]
V  [jvm.dll+0x12c5b2]
V  [jvm.dll+0x12c8df]
V  [jvm.dll+0x12ba57]
V  [jvm.dll+0x12daf7]
V  [jvm.dll+0x2263af]
V  [jvm.dll+0x2249b8]
V  [jvm.dll+0x738a9d]
V  [jvm.dll+0x6347f2]
C  [ucrtbase.dll+0x210b2]
C  [KERNEL32.DLL+0x17c24]
C  [ntdll.dll+0x6d4d1]


---------------  P R O C E S S  ---------------

Threads class SMR info:
_java_thread_list=0x000002953eac6070, length=12, elements={
0x000002951ec2e000, 0x000002953d7f9800, 0x000002953d805000, 0x000002953d80d000,
0x000002953d80e800, 0x000002953e118000, 0x000002953e119000, 0x000002953e16b000,
0x000002953d78f000, 0x000002953e4f3800, 0x000002953e384800, 0x000002953eb7c000
}

Java Threads: ( => current thread )
  0x000002951ec2e000 JavaThread "main" [_thread_blocked, id=7160, stack(0x000000eee8900000,0x000000eee8a00000)]
  0x000002953d7f9800 JavaThread "Reference Handler" daemon [_thread_blocked, id=5452, stack(0x000000eee9000000,0x000000eee9100000)]
  0x000002953d805000 JavaThread "Finalizer" daemon [_thread_blocked, id=8556, stack(0x000000eee9100000,0x000000eee9200000)]
  0x000002953d80d000 JavaThread "Signal Dispatcher" daemon [_thread_blocked, id=9796, stack(0x000000eee9200000,0x000000eee9300000)]
  0x000002953d80e800 JavaThread "Attach Listener" daemon [_thread_blocked, id=12352, stack(0x000000eee9300000,0x000000eee9400000)]
  0x000002953e118000 JavaThread "C2 CompilerThread0" daemon [_thread_in_native, id=5620, stack(0x000000eee9400000,0x000000eee9500000)]
=>0x000002953e119000 JavaThread "C1 CompilerThread0" daemon [_thread_in_native, id=13772, stack(0x000000eee9500000,0x000000eee9600000)]
  0x000002953e16b000 JavaThread "Sweeper thread" daemon [_thread_blocked, id=14732, stack(0x000000eee9600000,0x000000eee9700000)]
  0x000002953d78f000 JavaThread "Common-Cleaner" daemon [_thread_blocked, id=20580, stack(0x000000eee9700000,0x000000eee9800000)]
  0x000002953e4f3800 JavaThread "Monitor Ctrl-Break" daemon [_thread_in_native, id=19308, stack(0x000000eee9800000,0x000000eee9900000)]
  0x000002953e384800 JavaThread "Service Thread" daemon [_thread_blocked, id=16668, stack(0x000000eee9900000,0x000000eee9a00000)]
  0x000002953eb7c000 JavaThread "C2 CompilerThread1" daemon [_thread_in_native, id=15060, stack(0x000000eee9b00000,0x000000eee9c00000)]

Other Threads:
  0x000002953d7d3000 VMThread "VM Thread" [stack: 0x000000eee8f00000,0x000000eee9000000] [id=17780]
  0x000002953e389800 WatcherThread [stack: 0x000000eee9a00000,0x000000eee9b00000] [id=11352]
  0x000002951ec43800 GCTaskThread "GC Thread#0" [stack: 0x000000eee8a00000,0x000000eee8b00000] [id=19856]
  0x000002951ec77000 ConcurrentGCThread "G1 Main Marker" [stack: 0x000000eee8b00000,0x000000eee8c00000] [id=15872]
  0x000002951ec79000 ConcurrentGCThread "G1 Conc#0" [stack: 0x000000eee8c00000,0x000000eee8d00000] [id=5588]
  0x00000295402e9800 ConcurrentGCThread "G1 Conc#1" [stack: 0x000000eee9c00000,0x000000eee9d00000] [id=7032]
  0x000002953d63e800 ConcurrentGCThread "G1 Refine#0" [stack: 0x000000eee8d00000,0x000000eee8e00000] [id=1896]
  0x000002953d63f800 ConcurrentGCThread "G1 Young RemSet Sampling" [stack: 0x000000eee8e00000,0x000000eee8f00000] [id=9316]

Threads with active compile tasks:
C2 CompilerThread0 778   !   4       jdk.internal.loader.URLClassPath$JarLoader::getResource (65 bytes)
C1 CompilerThread0 786       3       java.net.URLStreamHandler::parseURL (1201 bytes)
C2 CompilerThread1 773       4       java.util.jar.JarFile::getEntry (22 bytes)

VM state:at safepoint (normal execution)

VM Mutex/Monitor currently owned by a thread:  ([mutex/lock_event])
[0x000002951ec2a810] Threads_lock - owner thread: 0x000002953d7d3000
[0x000002951ec28d10] Heap_lock - owner thread: 0x000002951ec2e000

Heap address: 0x0000000081c00000, size: 2020 MB, Compressed Oops mode: 32-bit
Narrow klass base: 0x0000000000000000, Narrow klass shift: 3
Compressed class space size: 1073741824 Address: 0x0000000100000000

Heap:
 garbage-first heap   total 131072K, used 6754K [0x0000000081c00000, 0x0000000100000000)
  region size 1024K, 3 young (3072K), 3 survivors (3072K)
 Metaspace       used 9552K, capacity 9682K, committed 9728K, reserved 1071104K
  class space    used 922K, capacity 992K, committed 1024K, reserved 1048576K
Heap Regions: E=young(eden), S=young(survivor), O=old, HS=humongous(starts), HC=humongous(continues), CS=collection set, F=free, A=archive, TAMS=top-at-mark-start (previous, next)
|   0|0x0000000081c00000, 0x0000000081d00000, 0x0000000081d00000|100%|HS|  |TAMS 0x0000000081c00000, 0x0000000081d00000| Complete 
|   1|0x0000000081d00000, 0x0000000081e00000, 0x0000000081e00000|100%| O|  |TAMS 0x0000000081d00000, 0x0000000081e00000| Untracked 
|   2|0x0000000081e00000, 0x0000000081f00000, 0x0000000081f00000|100%| O|  |TAMS 0x0000000081e00000, 0x0000000081f00000| Untracked 
|   3|0x0000000081f00000, 0x0000000081f98a08, 0x0000000082000000| 59%| O|  |TAMS 0x0000000081f00000, 0x0000000081f98a08| Untracked 
|   4|0x0000000082000000, 0x0000000082000000, 0x0000000082100000|  0%| F|  |TAMS 0x0000000082000000, 0x0000000082000000| Untracked 
|   5|0x0000000082100000, 0x0000000082100000, 0x0000000082200000|  0%| F|  |TAMS 0x0000000082100000, 0x0000000082100000| Untracked 
|   6|0x0000000082200000, 0x0000000082200000, 0x0000000082300000|  0%| F|  |TAMS 0x0000000082200000, 0x0000000082200000| Untracked 
|   7|0x0000000082300000, 0x0000000082300000, 0x0000000082400000|  0%| F|  |TAMS 0x0000000082300000, 0x0000000082300000| Untracked 
|   8|0x0000000082400000, 0x0000000082400000, 0x0000000082500000|  0%| F|  |TAMS 0x0000000082400000, 0x0000000082400000| Untracked 
|   9|0x0000000082500000, 0x0000000082500000, 0x0000000082600000|  0%| F|  |TAMS 0x0000000082500000, 0x0000000082500000| Untracked 
|  10|0x0000000082600000, 0x0000000082600000, 0x0000000082700000|  0%| F|  |TAMS 0x0000000082600000, 0x0000000082600000| Untracked 
|  11|0x0000000082700000, 0x0000000082700000, 0x0000000082800000|  0%| F|  |TAMS 0x0000000082700000, 0x0000000082700000| Untracked 
|  12|0x0000000082800000, 0x0000000082800000, 0x0000000082900000|  0%| F|  |TAMS 0x0000000082800000, 0x0000000082800000| Untracked 
|  13|0x0000000082900000, 0x0000000082900000, 0x0000000082a00000|  0%| F|  |TAMS 0x0000000082900000, 0x0000000082900000| Untracked 
|  14|0x0000000082a00000, 0x0000000082a00000, 0x0000000082b00000|  0%| F|  |TAMS 0x0000000082a00000, 0x0000000082a00000| Untracked 
|  15|0x0000000082b00000, 0x0000000082b00000, 0x0000000082c00000|  0%| F|  |TAMS 0x0000000082b00000, 0x0000000082b00000| Untracked 
|  16|0x0000000082c00000, 0x0000000082c00000, 0x0000000082d00000|  0%| F|  |TAMS 0x0000000082c00000, 0x0000000082c00000| Untracked 
|  17|0x0000000082d00000, 0x0000000082d00000, 0x0000000082e00000|  0%| F|  |TAMS 0x0000000082d00000, 0x0000000082d00000| Untracked 
|  18|0x0000000082e00000, 0x0000000082e00000, 0x0000000082f00000|  0%| F|  |TAMS 0x0000000082e00000, 0x0000000082e00000| Untracked 
|  19|0x0000000082f00000, 0x0000000082f00000, 0x0000000083000000|  0%| F|  |TAMS 0x0000000082f00000, 0x0000000082f00000| Untracked 
|  20|0x0000000083000000, 0x0000000083000000, 0x0000000083100000|  0%| F|  |TAMS 0x0000000083000000, 0x0000000083000000| Untracked 
|  21|0x0000000083100000, 0x0000000083100000, 0x0000000083200000|  0%| F|  |TAMS 0x0000000083100000, 0x0000000083100000| Untracked 
|  22|0x0000000083200000, 0x0000000083200000, 0x0000000083300000|  0%| F|  |TAMS 0x0000000083200000, 0x0000000083200000| Untracked 
|  23|0x0000000083300000, 0x0000000083300000, 0x0000000083400000|  0%| F|  |TAMS 0x0000000083300000, 0x0000000083300000| Untracked 
|  24|0x0000000083400000, 0x0000000083400000, 0x0000000083500000|  0%| F|  |TAMS 0x0000000083400000, 0x0000000083400000| Untracked 
|  25|0x0000000083500000, 0x0000000083500000, 0x0000000083600000|  0%| F|  |TAMS 0x0000000083500000, 0x0000000083500000| Untracked 
|  26|0x0000000083600000, 0x0000000083600000, 0x0000000083700000|  0%| F|  |TAMS 0x0000000083600000, 0x0000000083600000| Untracked 
|  27|0x0000000083700000, 0x0000000083700000, 0x0000000083800000|  0%| F|  |TAMS 0x0000000083700000, 0x0000000083700000| Untracked 
|  28|0x0000000083800000, 0x0000000083800000, 0x0000000083900000|  0%| F|  |TAMS 0x0000000083800000, 0x0000000083800000| Untracked 
|  29|0x0000000083900000, 0x0000000083900000, 0x0000000083a00000|  0%| F|  |TAMS 0x0000000083900000, 0x0000000083900000| Untracked 
|  30|0x0000000083a00000, 0x0000000083a00000, 0x0000000083b00000|  0%| F|  |TAMS 0x0000000083a00000, 0x0000000083a00000| Untracked 
|  31|0x0000000083b00000, 0x0000000083b00000, 0x0000000083c00000|  0%| F|  |TAMS 0x0000000083b00000, 0x0000000083b00000| Untracked 
|  32|0x0000000083c00000, 0x0000000083c00000, 0x0000000083d00000|  0%| F|  |TAMS 0x0000000083c00000, 0x0000000083c00000| Untracked 
|  33|0x0000000083d00000, 0x0000000083d00000, 0x0000000083e00000|  0%| F|  |TAMS 0x0000000083d00000, 0x0000000083d00000| Untracked 
|  34|0x0000000083e00000, 0x0000000083e00000, 0x0000000083f00000|  0%| F|  |TAMS 0x0000000083e00000, 0x0000000083e00000| Untracked 
|  35|0x0000000083f00000, 0x0000000083f00000, 0x0000000084000000|  0%| F|  |TAMS 0x0000000083f00000, 0x0000000083f00000| Untracked 
|  36|0x0000000084000000, 0x0000000084000000, 0x0000000084100000|  0%| F|  |TAMS 0x0000000084000000, 0x0000000084000000| Untracked 
|  37|0x0000000084100000, 0x0000000084100000, 0x0000000084200000|  0%| F|  |TAMS 0x0000000084100000, 0x0000000084100000| Untracked 
|  38|0x0000000084200000, 0x0000000084200000, 0x0000000084300000|  0%| F|  |TAMS 0x0000000084200000, 0x0000000084200000| Untracked 
|  39|0x0000000084300000, 0x0000000084300000, 0x0000000084400000|  0%| F|  |TAMS 0x0000000084300000, 0x0000000084300000| Untracked 
|  40|0x0000000084400000, 0x0000000084400000, 0x0000000084500000|  0%| F|  |TAMS 0x0000000084400000, 0x0000000084400000| Untracked 
|  41|0x0000000084500000, 0x0000000084500000, 0x0000000084600000|  0%| F|  |TAMS 0x0000000084500000, 0x0000000084500000| Untracked 
|  42|0x0000000084600000, 0x0000000084600000, 0x0000000084700000|  0%| F|  |TAMS 0x0000000084600000, 0x0000000084600000| Untracked 
|  43|0x0000000084700000, 0x0000000084700000, 0x0000000084800000|  0%| F|  |TAMS 0x0000000084700000, 0x0000000084700000| Untracked 
|  44|0x0000000084800000, 0x0000000084800000, 0x0000000084900000|  0%| F|  |TAMS 0x0000000084800000, 0x0000000084800000| Untracked 
|  45|0x0000000084900000, 0x0000000084900000, 0x0000000084a00000|  0%| F|  |TAMS 0x0000000084900000, 0x0000000084900000| Untracked 
|  46|0x0000000084a00000, 0x0000000084a00000, 0x0000000084b00000|  0%| F|  |TAMS 0x0000000084a00000, 0x0000000084a00000| Untracked 
|  47|0x0000000084b00000, 0x0000000084b00000, 0x0000000084c00000|  0%| F|  |TAMS 0x0000000084b00000, 0x0000000084b00000| Untracked 
|  48|0x0000000084c00000, 0x0000000084c00000, 0x0000000084d00000|  0%| F|  |TAMS 0x0000000084c00000, 0x0000000084c00000| Untracked 
|  49|0x0000000084d00000, 0x0000000084d00000, 0x0000000084e00000|  0%| F|  |TAMS 0x0000000084d00000, 0x0000000084d00000| Untracked 
|  50|0x0000000084e00000, 0x0000000084e00000, 0x0000000084f00000|  0%| F|  |TAMS 0x0000000084e00000, 0x0000000084e00000| Untracked 
|  51|0x0000000084f00000, 0x0000000084f00000, 0x0000000085000000|  0%| F|  |TAMS 0x0000000084f00000, 0x0000000084f00000| Untracked 
|  52|0x0000000085000000, 0x0000000085000000, 0x0000000085100000|  0%| F|  |TAMS 0x0000000085000000, 0x0000000085000000| Untracked 
|  53|0x0000000085100000, 0x0000000085100000, 0x0000000085200000|  0%| F|  |TAMS 0x0000000085100000, 0x0000000085100000| Untracked 
|  54|0x0000000085200000, 0x0000000085200000, 0x0000000085300000|  0%| F|  |TAMS 0x0000000085200000, 0x0000000085200000| Untracked 
|  55|0x0000000085300000, 0x0000000085300000, 0x0000000085400000|  0%| F|  |TAMS 0x0000000085300000, 0x0000000085300000| Untracked 
|  56|0x0000000085400000, 0x0000000085400000, 0x0000000085500000|  0%| F|  |TAMS 0x0000000085400000, 0x0000000085400000| Untracked 
|  57|0x0000000085500000, 0x0000000085500000, 0x0000000085600000|  0%| F|  |TAMS 0x0000000085500000, 0x0000000085500000| Untracked 
|  58|0x0000000085600000, 0x0000000085600000, 0x0000000085700000|  0%| F|  |TAMS 0x0000000085600000, 0x0000000085600000| Untracked 
|  59|0x0000000085700000, 0x0000000085700000, 0x0000000085800000|  0%| F|  |TAMS 0x0000000085700000, 0x0000000085700000| Untracked 
|  60|0x0000000085800000, 0x0000000085800000, 0x0000000085900000|  0%| F|  |TAMS 0x0000000085800000, 0x0000000085800000| Untracked 
|  61|0x0000000085900000, 0x0000000085900000, 0x0000000085a00000|  0%| F|  |TAMS 0x0000000085900000, 0x0000000085900000| Untracked 
|  62|0x0000000085a00000, 0x0000000085a00000, 0x0000000085b00000|  0%| F|  |TAMS 0x0000000085a00000, 0x0000000085a00000| Untracked 
|  63|0x0000000085b00000, 0x0000000085b00000, 0x0000000085c00000|  0%| F|  |TAMS 0x0000000085b00000, 0x0000000085b00000| Untracked 
|  64|0x0000000085c00000, 0x0000000085c00000, 0x0000000085d00000|  0%| F|  |TAMS 0x0000000085c00000, 0x0000000085c00000| Untracked 
|  65|0x0000000085d00000, 0x0000000085d00000, 0x0000000085e00000|  0%| F|  |TAMS 0x0000000085d00000, 0x0000000085d00000| Untracked 
|  66|0x0000000085e00000, 0x0000000085e00000, 0x0000000085f00000|  0%| F|  |TAMS 0x0000000085e00000, 0x0000000085e00000| Untracked 
|  67|0x0000000085f00000, 0x0000000085f00000, 0x0000000086000000|  0%| F|  |TAMS 0x0000000085f00000, 0x0000000085f00000| Untracked 
|  68|0x0000000086000000, 0x0000000086000000, 0x0000000086100000|  0%| F|  |TAMS 0x0000000086000000, 0x0000000086000000| Untracked 
|  69|0x0000000086100000, 0x0000000086100000, 0x0000000086200000|  0%| F|  |TAMS 0x0000000086100000, 0x0000000086100000| Untracked 
|  70|0x0000000086200000, 0x0000000086200000, 0x0000000086300000|  0%| F|  |TAMS 0x0000000086200000, 0x0000000086200000| Untracked 
|  71|0x0000000086300000, 0x0000000086300000, 0x0000000086400000|  0%| F|  |TAMS 0x0000000086300000, 0x0000000086300000| Untracked 
|  72|0x0000000086400000, 0x0000000086400000, 0x0000000086500000|  0%| F|  |TAMS 0x0000000086400000, 0x0000000086400000| Untracked 
|  73|0x0000000086500000, 0x0000000086500000, 0x0000000086600000|  0%| F|  |TAMS 0x0000000086500000, 0x0000000086500000| Untracked 
|  74|0x0000000086600000, 0x0000000086600000, 0x0000000086700000|  0%| F|  |TAMS 0x0000000086600000, 0x0000000086600000| Untracked 
|  75|0x0000000086700000, 0x0000000086700000, 0x0000000086800000|  0%| F|  |TAMS 0x0000000086700000, 0x0000000086700000| Untracked 
|  76|0x0000000086800000, 0x0000000086800000, 0x0000000086900000|  0%| F|  |TAMS 0x0000000086800000, 0x0000000086800000| Untracked 
|  77|0x0000000086900000, 0x0000000086900000, 0x0000000086a00000|  0%| F|  |TAMS 0x0000000086900000, 0x0000000086900000| Untracked 
|  78|0x0000000086a00000, 0x0000000086a00000, 0x0000000086b00000|  0%| F|  |TAMS 0x0000000086a00000, 0x0000000086a00000| Untracked 
|  79|0x0000000086b00000, 0x0000000086b00000, 0x0000000086c00000|  0%| F|  |TAMS 0x0000000086b00000, 0x0000000086b00000| Untracked 
|  80|0x0000000086c00000, 0x0000000086c00000, 0x0000000086d00000|  0%| F|  |TAMS 0x0000000086c00000, 0x0000000086c00000| Untracked 
|  81|0x0000000086d00000, 0x0000000086d00000, 0x0000000086e00000|  0%| F|  |TAMS 0x0000000086d00000, 0x0000000086d00000| Untracked 
|  82|0x0000000086e00000, 0x0000000086e00000, 0x0000000086f00000|  0%| F|  |TAMS 0x0000000086e00000, 0x0000000086e00000| Untracked 
|  83|0x0000000086f00000, 0x0000000086f00000, 0x0000000087000000|  0%| F|  |TAMS 0x0000000086f00000, 0x0000000086f00000| Untracked 
|  84|0x0000000087000000, 0x0000000087000000, 0x0000000087100000|  0%| F|  |TAMS 0x0000000087000000, 0x0000000087000000| Untracked 
|  85|0x0000000087100000, 0x0000000087100000, 0x0000000087200000|  0%| F|  |TAMS 0x0000000087100000, 0x0000000087100000| Untracked 
|  86|0x0000000087200000, 0x0000000087200000, 0x0000000087300000|  0%| F|  |TAMS 0x0000000087200000, 0x0000000087200000| Untracked 
|  87|0x0000000087300000, 0x0000000087300000, 0x0000000087400000|  0%| F|  |TAMS 0x0000000087300000, 0x0000000087300000| Untracked 
|  88|0x0000000087400000, 0x0000000087400000, 0x0000000087500000|  0%| F|  |TAMS 0x0000000087400000, 0x0000000087400000| Untracked 
|  89|0x0000000087500000, 0x0000000087500000, 0x0000000087600000|  0%| F|  |TAMS 0x0000000087500000, 0x0000000087500000| Untracked 
|  90|0x0000000087600000, 0x0000000087600000, 0x0000000087700000|  0%| F|  |TAMS 0x0000000087600000, 0x0000000087600000| Untracked 
|  91|0x0000000087700000, 0x0000000087700000, 0x0000000087800000|  0%| F|  |TAMS 0x0000000087700000, 0x0000000087700000| Untracked 
|  92|0x0000000087800000, 0x0000000087800000, 0x0000000087900000|  0%| F|  |TAMS 0x0000000087800000, 0x0000000087800000| Untracked 
|  93|0x0000000087900000, 0x0000000087900000, 0x0000000087a00000|  0%| F|  |TAMS 0x0000000087900000, 0x0000000087900000| Untracked 
|  94|0x0000000087a00000, 0x0000000087a00000, 0x0000000087b00000|  0%| F|  |TAMS 0x0000000087a00000, 0x0000000087a00000| Untracked 
|  95|0x0000000087b00000, 0x0000000087b00000, 0x0000000087c00000|  0%| F|  |TAMS 0x0000000087b00000, 0x0000000087b00000| Untracked 
|  96|0x0000000087c00000, 0x0000000087c00000, 0x0000000087d00000|  0%| F|  |TAMS 0x0000000087c00000, 0x0000000087c00000| Untracked 
|  97|0x0000000087d00000, 0x0000000087d00000, 0x0000000087e00000|  0%| F|  |TAMS 0x0000000087d00000, 0x0000000087d00000| Untracked 
|  98|0x0000000087e00000, 0x0000000087e00000, 0x0000000087f00000|  0%| F|  |TAMS 0x0000000087e00000, 0x0000000087e00000| Untracked 
|  99|0x0000000087f00000, 0x0000000087f00000, 0x0000000088000000|  0%| F|  |TAMS 0x0000000087f00000, 0x0000000087f00000| Untracked 
| 100|0x0000000088000000, 0x0000000088000000, 0x0000000088100000|  0%| F|  |TAMS 0x0000000088000000, 0x0000000088000000| Untracked 
| 101|0x0000000088100000, 0x0000000088100000, 0x0000000088200000|  0%| F|  |TAMS 0x0000000088100000, 0x0000000088100000| Untracked 
| 102|0x0000000088200000, 0x0000000088200000, 0x0000000088300000|  0%| F|  |TAMS 0x0000000088200000, 0x0000000088200000| Untracked 
| 103|0x0000000088300000, 0x0000000088300000, 0x0000000088400000|  0%| F|  |TAMS 0x0000000088300000, 0x0000000088300000| Untracked 
| 104|0x0000000088400000, 0x0000000088400000, 0x0000000088500000|  0%| F|  |TAMS 0x0000000088400000, 0x0000000088400000| Untracked 
| 105|0x0000000088500000, 0x0000000088500000, 0x0000000088600000|  0%| F|  |TAMS 0x0000000088500000, 0x0000000088500000| Untracked 
| 106|0x0000000088600000, 0x0000000088600000, 0x0000000088700000|  0%| F|  |TAMS 0x0000000088600000, 0x0000000088600000| Untracked 
| 107|0x0000000088700000, 0x0000000088700000, 0x0000000088800000|  0%| F|  |TAMS 0x0000000088700000, 0x0000000088700000| Untracked 
| 108|0x0000000088800000, 0x0000000088800000, 0x0000000088900000|  0%| F|  |TAMS 0x0000000088800000, 0x0000000088800000| Untracked 
| 109|0x0000000088900000, 0x0000000088a00000, 0x0000000088a00000|100%| S|CS|TAMS 0x0000000088900000, 0x0000000088900000| Complete 
| 110|0x0000000088a00000, 0x0000000088b00000, 0x0000000088b00000|100%| S|CS|TAMS 0x0000000088a00000, 0x0000000088a00000| Complete 
| 111|0x0000000088b00000, 0x0000000088c00000, 0x0000000088c00000|100%| S|CS|TAMS 0x0000000088b00000, 0x0000000088b00000| Complete 
| 112|0x0000000088c00000, 0x0000000088c00000, 0x0000000088d00000|  0%| F|  |TAMS 0x0000000088c00000, 0x0000000088c00000| Untracked 
| 113|0x0000000088d00000, 0x0000000088d00000, 0x0000000088e00000|  0%| F|  |TAMS 0x0000000088d00000, 0x0000000088d00000| Untracked 
| 114|0x0000000088e00000, 0x0000000088e00000, 0x0000000088f00000|  0%| F|  |TAMS 0x0000000088e00000, 0x0000000088e00000| Untracked 
| 115|0x0000000088f00000, 0x0000000088f00000, 0x0000000089000000|  0%| F|  |TAMS 0x0000000088f00000, 0x0000000088f00000| Untracked 
| 116|0x0000000089000000, 0x0000000089000000, 0x0000000089100000|  0%| F|  |TAMS 0x0000000089000000, 0x0000000089000000| Untracked 
| 117|0x0000000089100000, 0x0000000089100000, 0x0000000089200000|  0%| F|  |TAMS 0x0000000089100000, 0x0000000089100000| Untracked 
| 118|0x0000000089200000, 0x0000000089200000, 0x0000000089300000|  0%| F|  |TAMS 0x0000000089200000, 0x0000000089200000| Untracked 
| 119|0x0000000089300000, 0x0000000089300000, 0x0000000089400000|  0%| F|  |TAMS 0x0000000089300000, 0x0000000089300000| Untracked 
| 120|0x0000000089400000, 0x0000000089400000, 0x0000000089500000|  0%| F|  |TAMS 0x0000000089400000, 0x0000000089400000| Untracked 
| 121|0x0000000089500000, 0x0000000089500000, 0x0000000089600000|  0%| F|  |TAMS 0x0000000089500000, 0x0000000089500000| Untracked 
| 122|0x0000000089600000, 0x0000000089600000, 0x0000000089700000|  0%| F|  |TAMS 0x0000000089600000, 0x0000000089600000| Untracked 
| 123|0x0000000089700000, 0x0000000089700000, 0x0000000089800000|  0%| F|  |TAMS 0x0000000089700000, 0x0000000089700000| Untracked 
| 124|0x0000000089800000, 0x0000000089800000, 0x0000000089900000|  0%| F|  |TAMS 0x0000000089800000, 0x0000000089800000| Untracked 
| 125|0x0000000089900000, 0x0000000089900000, 0x0000000089a00000|  0%| F|  |TAMS 0x0000000089900000, 0x0000000089900000| Untracked 
| 126|0x0000000089a00000, 0x0000000089a00000, 0x0000000089b00000|  0%| F|  |TAMS 0x0000000089a00000, 0x0000000089a00000| Untracked 
| 127|0x0000000089b00000, 0x0000000089b00000, 0x0000000089c00000|  0%| F|  |TAMS 0x0000000089b00000, 0x0000000089b00000| Untracked 

Card table byte_map: [0x0000029536670000,0x0000029536a70000] _byte_map_base: 0x0000029536262000

Marking Bits (Prev, Next): (CMBitMap*) 0x000002951ec6e578, (CMBitMap*) 0x000002951ec6e5b0
 Prev Bits: [0x0000029536e70000, 0x0000029538e00000)
 Next Bits: [0x0000029538e00000, 0x000002953ad90000)

Polling page: 0x000002951cad0000

Metaspace:

Usage:
  Non-class:      8.49 MB capacity,     8.43 MB (>99%) used,    46.91 KB ( <1%) free+waste,    13.44 KB ( <1%) overhead. 
      Class:    992.00 KB capacity,   922.36 KB ( 93%) used,    63.14 KB (  6%) free+waste,     6.50 KB ( <1%) overhead. 
       Both:      9.46 MB capacity,     9.33 MB ( 99%) used,   110.05 KB (  1%) free+waste,    19.94 KB ( <1%) overhead. 

Virtual space:
  Non-class space:       22.00 MB reserved,       8.50 MB ( 39%) committed 
      Class space:        1.00 GB reserved,       1.00 MB ( <1%) committed 
             Both:        1.02 GB reserved,       9.50 MB ( <1%) committed 

Chunk freelists:
   Non-Class:  1.75 KB
       Class:  0 bytes
        Both:  1.75 KB

CodeHeap 'non-profiled nmethods': size=120000Kb used=255Kb max_used=255Kb free=119744Kb
 bounds [0x000002952ea10000, 0x000002952ec80000, 0x0000029535f40000]
CodeHeap 'profiled nmethods': size=120000Kb used=1248Kb max_used=1248Kb free=118751Kb
 bounds [0x00000295274e0000, 0x0000029527750000, 0x000002952ea10000]
CodeHeap 'non-nmethods': size=5760Kb used=1070Kb max_used=1093Kb free=4689Kb
 bounds [0x0000029526f40000, 0x00000295271b0000, 0x00000295274e0000]
 total_blobs=1343 nmethods=784 adapters=276
 compilation: enabled
              stopped_count=0, restarted_count=0
 full_count=0

Compilation events (10 events):
Event: 0.675 Thread 0x000002953e119000 nmethod 782 0x0000029527616890 code [0x0000029527616a40, 0x0000029527616b98]
Event: 0.675 Thread 0x000002953e119000  783       3       java.lang.reflect.Array::newInstance (6 bytes)
Event: 0.675 Thread 0x000002953e119000 nmethod 783 0x0000029527616c10 code [0x0000029527616dc0, 0x0000029527616f30]
Event: 0.675 Thread 0x000002953e119000  785       3       java.util.Objects::hashCode (13 bytes)
Event: 0.675 Thread 0x000002953e119000 nmethod 785 0x0000029527617010 code [0x00000295276171e0, 0x0000029527617450]
Event: 0.675 Thread 0x000002953e119000  781       3       org.junit.platform.commons.util.AnnotationUtils::isInJavaLangAnnotationPackage (22 bytes)
Event: 0.676 Thread 0x000002953e119000 nmethod 781 0x0000029527617510 code [0x0000029527617700, 0x0000029527617ac0]
Event: 0.676 Thread 0x000002953e119000  784       3       jdk.internal.loader.AbstractClassLoaderValue$Sub::hashCode (19 bytes)
Event: 0.676 Thread 0x000002953e119000 nmethod 784 0x0000029527617c10 code [0x0000029527617e00, 0x00000295276181c0]
Event: 0.676 Thread 0x000002953e119000  786       3       java.net.URLStreamHandler::parseURL (1201 bytes)

GC Heap History (0 events):
No events

Deoptimization events (8 events):
Event: 0.259 Thread 0x000002951ec2e000 Uncommon trap: reason=unstable_if action=reinterpret pc=0x000002952ea11878 method=java.lang.String.isLatin1()Z @ 10 c2
Event: 0.287 Thread 0x000002951ec2e000 Uncommon trap: reason=unstable_if action=reinterpret pc=0x000002952ea11e90 method=java.lang.String.isLatin1()Z @ 10 c2
Event: 0.326 Thread 0x000002951ec2e000 Uncommon trap: reason=unstable_if action=reinterpret pc=0x000002952ea26b40 method=java.util.zip.ZipFile$Source.isMetaName([BII)Z @ 43 c2
Event: 0.484 Thread 0x000002951ec2e000 Uncommon trap: reason=unstable_if action=reinterpret pc=0x000002952ea25780 method=java.io.WinNTFileSystem.isSlash(C)Z @ 9 c2
Event: 0.530 Thread 0x000002951ec2e000 Uncommon trap: reason=class_check action=maybe_recompile pc=0x000002952ea1f830 method=java.util.HashMap.putVal(ILjava/lang/Object;Ljava/lang/Object;ZZ)Ljava/lang/Object; @ 91 c2
Event: 0.531 Thread 0x000002951ec2e000 Uncommon trap: reason=class_check action=maybe_recompile pc=0x000002952ea1f830 method=java.util.HashMap.putVal(ILjava/lang/Object;Ljava/lang/Object;ZZ)Ljava/lang/Object; @ 91 c2
Event: 0.532 Thread 0x000002951ec2e000 Uncommon trap: reason=class_check action=maybe_recompile pc=0x000002952ea1f830 method=java.util.HashMap.putVal(ILjava/lang/Object;Ljava/lang/Object;ZZ)Ljava/lang/Object; @ 91 c2
Event: 0.532 Thread 0x000002951ec2e000 Uncommon trap: reason=class_check action=maybe_recompile pc=0x000002952ea1f830 method=java.util.HashMap.putVal(ILjava/lang/Object;Ljava/lang/Object;ZZ)Ljava/lang/Object; @ 91 c2

Classes redefined (0 events):
No events

Internal exceptions (1 events):
Event: 0.430 Thread 0x000002951ec2e000 Exception <a 'java/lang/NoSuchMethodError'{0x0000000089328038}: java.lang.invoke.DirectMethodHandle$Holder.invokeStaticInit(Ljava/lang/Object;I)Ljava/lang/Object;> (0x0000000089328038) thrown at [t:/workspace/open/src/hotspot/share/interpreter/linkResolve

Events (10 events):
Event: 0.678 loading class org/junit/jupiter/api/condition/DisabledOnOsCondition
Event: 0.678 loading class org/junit/jupiter/api/condition/DisabledOnOsCondition done
Event: 0.679 loading class org/junit/jupiter/api/condition/EnabledOnJre
Event: 0.679 loading class org/junit/jupiter/api/condition/EnabledOnJre done
Event: 0.680 loading class org/junit/jupiter/api/condition/EnabledOnJreCondition
Event: 0.680 loading class org/junit/jupiter/api/condition/EnabledOnJreCondition done
Event: 0.681 loading class org/junit/jupiter/api/condition/EnabledIfEnvironmentVariable
Event: 0.681 loading class org/junit/jupiter/api/condition/EnabledIfEnvironmentVariable done
Event: 0.682 loading class org/junit/jupiter/api/condition/EnabledIfEnvironmentVariables
Event: 0.682 loading class org/junit/jupiter/api/condition/EnabledIfEnvironmentVariables done


Dynamic libraries:
0x00007ff7f2af0000 - 0x00007ff7f2b37000 	C:\Program Files\Java\jdk-11.0.2\bin\java.exe
0x00007ffb77500000 - 0x00007ffb776f0000 	C:\WINDOWS\SYSTEM32\ntdll.dll
0x00007ffb76c80000 - 0x00007ffb76d32000 	C:\WINDOWS\System32\KERNEL32.DLL
0x00007ffb74510000 - 0x00007ffb747b5000 	C:\WINDOWS\System32\KERNELBASE.dll
0x00007ffb75990000 - 0x00007ffb75a33000 	C:\WINDOWS\System32\ADVAPI32.dll
0x00007ffb755b0000 - 0x00007ffb7564e000 	C:\WINDOWS\System32\msvcrt.dll
0x00007ffb76d40000 - 0x00007ffb76dd7000 	C:\WINDOWS\System32\sechost.dll
0x00007ffb76240000 - 0x00007ffb76360000 	C:\WINDOWS\System32\RPCRT4.dll
0x00007ffb77320000 - 0x00007ffb774b4000 	C:\WINDOWS\System32\USER32.dll
0x00007ffb752c0000 - 0x00007ffb752e1000 	C:\WINDOWS\System32\win32u.dll
0x00007ffb76ee0000 - 0x00007ffb76f06000 	C:\WINDOWS\System32\GDI32.dll
0x00007ffb75020000 - 0x00007ffb751b6000 	C:\WINDOWS\System32\gdi32full.dll
0x00007ffb74470000 - 0x00007ffb7450e000 	C:\WINDOWS\System32\msvcp_win.dll
0x00007ffb751c0000 - 0x00007ffb752ba000 	C:\WINDOWS\System32\ucrtbase.dll
0x00007ffb5eb90000 - 0x00007ffb5ee14000 	C:\WINDOWS\WinSxS\amd64_microsoft.windows.common-controls_6595b64144ccf1df_6.0.18362.1256_none_9e7e379be45e40e2\COMCTL32.dll
0x00007ffb6e940000 - 0x00007ffb6e94a000 	C:\WINDOWS\SYSTEM32\VERSION.dll
0x00007ffb75650000 - 0x00007ffb75986000 	C:\WINDOWS\System32\combase.dll
0x00007ffb75520000 - 0x00007ffb755a1000 	C:\WINDOWS\System32\bcryptPrimitives.dll
0x00007ffb76eb0000 - 0x00007ffb76ede000 	C:\WINDOWS\System32\IMM32.DLL
0x00007ffb71df0000 - 0x00007ffb71e06000 	C:\Program Files\Java\jdk-11.0.2\bin\vcruntime140.dll
0x00007ffb5c1a0000 - 0x00007ffb5c24a000 	C:\Program Files\Java\jdk-11.0.2\bin\msvcp140.dll
0x00007ffb153a0000 - 0x00007ffb15ec7000 	C:\Program Files\Java\jdk-11.0.2\bin\server\jvm.dll
0x00007ffb76ab0000 - 0x00007ffb76ab8000 	C:\WINDOWS\System32\PSAPI.DLL
0x00007ffb71d80000 - 0x00007ffb71da4000 	C:\WINDOWS\SYSTEM32\WINMM.dll
0x00007ffb71d50000 - 0x00007ffb71d7d000 	C:\WINDOWS\SYSTEM32\WINMMBASE.dll
0x00007ffb634b0000 - 0x00007ffb634b9000 	C:\WINDOWS\SYSTEM32\WSOCK32.dll
0x00007ffb771e0000 - 0x00007ffb7724f000 	C:\WINDOWS\System32\WS2_32.dll
0x00007ffb747e0000 - 0x00007ffb7482a000 	C:\WINDOWS\System32\cfgmgr32.dll
0x00007ffb74450000 - 0x00007ffb74461000 	C:\WINDOWS\System32\kernel.appcore.dll
0x00007ffb6a5c0000 - 0x00007ffb6a5d1000 	C:\Program Files\Java\jdk-11.0.2\bin\verify.dll
0x00007ffb72c50000 - 0x00007ffb72e44000 	C:\WINDOWS\SYSTEM32\DBGHELP.DLL
0x00007ffb6cd70000 - 0x00007ffb6cd9a000 	C:\WINDOWS\SYSTEM32\dbgcore.DLL
0x00007ffb6a590000 - 0x00007ffb6a5b9000 	C:\Program Files\Java\jdk-11.0.2\bin\java.dll
0x00007ffb5e230000 - 0x00007ffb5e25f000 	C:\Program Files\Java\jdk-11.0.2\bin\instrument.dll
0x00007ffb5aee0000 - 0x00007ffb5aef6000 	C:\Program Files\Java\jdk-11.0.2\bin\zip.dll
0x00007ffb71dd0000 - 0x00007ffb71dda000 	C:\Program Files\Java\jdk-11.0.2\bin\jimage.dll
0x00007ffb75aa0000 - 0x00007ffb76187000 	C:\WINDOWS\System32\SHELL32.dll
0x00007ffb764c0000 - 0x00007ffb76569000 	C:\WINDOWS\System32\shcore.dll
0x00007ffb74890000 - 0x00007ffb75011000 	C:\WINDOWS\System32\windows.storage.dll
0x00007ffb74400000 - 0x00007ffb74423000 	C:\WINDOWS\System32\profapi.dll
0x00007ffb743b0000 - 0x00007ffb743fa000 	C:\WINDOWS\System32\powrprof.dll
0x00007ffb743a0000 - 0x00007ffb743b0000 	C:\WINDOWS\System32\UMPDC.dll
0x00007ffb76570000 - 0x00007ffb765c2000 	C:\WINDOWS\System32\shlwapi.dll
0x00007ffb747c0000 - 0x00007ffb747d7000 	C:\WINDOWS\System32\cryptsp.dll
0x00007ffb5ae70000 - 0x00007ffb5ae89000 	C:\Program Files\Java\jdk-11.0.2\bin\net.dll
0x00007ffb69080000 - 0x00007ffb69170000 	C:\WINDOWS\SYSTEM32\WINHTTP.dll
0x00007ffb615b0000 - 0x00007ffb61786000 	C:\WINDOWS\SYSTEM32\urlmon.dll
0x00007ffb60db0000 - 0x00007ffb61057000 	C:\WINDOWS\SYSTEM32\iertutil.dll
0x00007ffb73cc0000 - 0x00007ffb73ccc000 	C:\WINDOWS\SYSTEM32\CRYPTBASE.DLL
0x00007ffb73b40000 - 0x00007ffb73ba7000 	C:\WINDOWS\system32\mswsock.dll
0x00007ffb5ae50000 - 0x00007ffb5ae63000 	C:\Program Files\Java\jdk-11.0.2\bin\nio.dll
0x00007ffb5e1e0000 - 0x00007ffb5e1fa000 	C:\Program Files\JetBrains\IntelliJ IDEA 2020.2.2\bin\breakgen64.dll

dbghelp: loaded successfully - version: 4.0.5 - missing functions: none
symbol engine: initialized successfully - sym options: 0x614 - pdb path: .;C:\Program Files\Java\jdk-11.0.2\bin;C:\WINDOWS\SYSTEM32;C:\WINDOWS\WinSxS\amd64_microsoft.windows.common-controls_6595b64144ccf1df_6.0.18362.1256_none_9e7e379be45e40e2;C:\Program Files\Java\jdk-11.0.2\bin\server;C:\Program Files\JetBrains\IntelliJ IDEA 2020.2.2\bin

VM Arguments:
jvm_args: -ea -Didea.test.cyclic.buffer.size=1048576 -javaagent:C:\Program Files\JetBrains\IntelliJ IDEA 2020.2.2\lib\idea_rt.jar=62192:C:\Program Files\JetBrains\IntelliJ IDEA 2020.2.2\bin -Dfile.encoding=UTF-8 
java_command: com.intellij.rt.junit.JUnitStarter -ideVersion5 -junit5 project_java.project.controller.CategoryControllerIT,addNewCategory
java_class_path (initial): C:\Program Files\JetBrains\IntelliJ IDEA 2020.2.2\lib\idea_rt.jar;C:\Users\anama\.m2\repository\org\junit\platform\junit-platform-launcher\1.7.0\junit-platform-launcher-1.7.0.jar;C:\Program Files\JetBrains\IntelliJ IDEA 2020.2.2\plugins\junit\lib\junit5-rt.jar;C:\Program Files\JetBrains\IntelliJ IDEA 2020.2.2\plugins\junit\lib\junit-rt.jar;C:\Users\anama\IdeaProjects\Management_bilete_la_spectacol\target\test-classes;C:\Users\anama\IdeaProjects\Management_bilete_la_spectacol\target\classes;C:\Users\anama\.m2\repository\mysql\mysql-connector-java\8.0.22\mysql-connector-java-8.0.22.jar;C:\Users\anama\.m2\repository\org\springframework\boot\spring-boot-starter-data-jdbc\2.4.1\spring-boot-starter-data-jdbc-2.4.1.jar;C:\Users\anama\.m2\repository\org\springframework\data\spring-data-jdbc\2.1.2\spring-data-jdbc-2.1.2.jar;C:\Users\anama\.m2\repository\org\springframework\data\spring-data-relational\2.1.2\spring-data-relational-2.1.2.jar;C:\Users\anama\.m2\repository\org\springframework\data\spring-data-commons\2.4.2\spring-data-commons-2.4.2.jar;C:\Users\anama\.m2\repository\org\springframework\spring-tx\5.3.2\spring-tx-5.3.2.jar;C:\Users\anama\.m2\repository\org\springframework\spring-context\5.3.2\spring-context-5.3.2.jar;C:\Users\anama\.m2\repository\org\springframework\spring-beans\5.3.2\spring-beans-5.3.2.jar;C:\Users\anama\.m2\repository\org\slf4j\slf4j-api\1.7.30\slf4j-api-1.7.30.jar;C:\Users\anama\.m2\repository\org\springframework\boot\spring-boot-starter-jdbc\2.4.1\spring-boot-starter-jdbc-2.4.1.jar;C:\Users\anama\.m2\repository\org\springframework\boot\spring-boot-starter\2.4.1\spring-boot-starter-2.4.1.jar;C:\Users\anama\.m2\repository\org\springframework\boot\spring-boot\2.4.1\spring-boot-2.4.1.jar;C:\Users\anama\.m2\repository\org\springframework\boot\spring-boot-autoconfigure\2.4.1\spring-boot-autoconfigure-2.4.1.jar;C:\Users\anama\.m2\repository\org\springframework\boot\spring-boot-starter-logging\2.4.1\spring-boot-starter-loggi
Launcher Type: SUN_STANDARD

[Global flags]
     intx CICompilerCount                          = 4                                         {product} {ergonomic}
     uint ConcGCThreads                            = 2                                         {product} {ergonomic}
     uint G1ConcRefinementThreads                  = 8                                         {product} {ergonomic}
   size_t G1HeapRegionSize                         = 1048576                                   {product} {ergonomic}
    uintx GCDrainStackTargetSize                   = 64                                        {product} {ergonomic}
   size_t InitialHeapSize                          = 134217728                                 {product} {ergonomic}
   size_t MarkStackSize                            = 4194304                                   {product} {ergonomic}
   size_t MaxHeapSize                              = 2118123520                                {product} {ergonomic}
   size_t MaxNewSize                               = 1270874112                                {product} {ergonomic}
   size_t MinHeapDeltaBytes                        = 1048576                                   {product} {ergonomic}
    uintx NonNMethodCodeHeapSize                   = 5835340                                {pd product} {ergonomic}
    uintx NonProfiledCodeHeapSize                  = 122911450                              {pd product} {ergonomic}
    uintx ProfiledCodeHeapSize                     = 122911450                              {pd product} {ergonomic}
    uintx ReservedCodeCacheSize                    = 251658240                              {pd product} {ergonomic}
     bool SegmentedCodeCache                       = true                                      {product} {ergonomic}
     bool UseCompressedClassPointers               = true                                 {lp64_product} {ergonomic}
     bool UseCompressedOops                        = true                                 {lp64_product} {ergonomic}
     bool UseG1GC                                  = true                                      {product} {ergonomic}
     bool UseLargePagesIndividualAllocation        = false                                  {pd product} {ergonomic}

Logging:
Log output configuration:
 #0: stdout all=warning uptime,level,tags
 #1: stderr all=off uptime,level,tags

Environment Variables:
PATH=C:\Program Files (x86)\Common Files\Oracle\Java\javapath;C:\WINDOWS\system32;C:\WINDOWS;C:\WINDOWS\System32\Wbem;C:\WINDOWS\System32\WindowsPowerShell\v1.0\;C:\WINDOWS\System32\OpenSSH\;C:\Program Files\Git\cmd;C:\Users\anama\AppData\Roaming\Microsoft\Windows\Start Menu\Programs\Python 3.7\Python 3.7(64-bit);C:\Users\anama\AppData\Roaming\Microsoft\Windows\Start Menu\Programs\Python 3.7\python-3.7.3\Scripts;C:\flutter\bin;C:\Users\anama\AppData\Local\Programs\Python\Python37-32;C:\Users\anama\AppData\Local\Programs\Python\Python37-32\Scripts;C:\Program Files\Microsoft SQL Server\130\Tools\Binn\;D:\matlabstefan\Matlab\runtime\win64;D:\matlabstefan\Matlab\bin;D:\matlabstefan\Matlab\polyspace\bin;D:\matlab\MathWorks.MATLAB.R2019a.v9.6.0.1072779.x64.Incl.Crack\R2019a\R2019a2\runtime\win64;D:\matlab\MathWorks.MATLAB.R2019a.v9.6.0.1072779.x64.Incl.Crack\R2019a\R2019a2\bin;C:\Program Files\nodejs\;C:\PHP;;C:\Program Files\Symfony;C:\composer;C:\Program Files (x86)\Yarn\bin\;C:\Program Files\Docker\Docker\resources\bin;C:\ProgramData\DockerDesktop\version-bin;C:\Program Files\MySQL\MySQL Shell 8.0\bin\
USERNAME=anama
OS=Windows_NT
PROCESSOR_IDENTIFIER=Intel64 Family 6 Model 142 Stepping 10, GenuineIntel



---------------  S Y S T E M  ---------------

OS: Windows 10 , 64 bit Build 18362 (10.0.18362.1110)

CPU:total 8 (initial active 8) (4 cores per cpu, 2 threads per core) family 6 model 142 stepping 10, cmov, cx8, fxsr, mmx, sse, sse2, sse3, ssse3, sse4.1, sse4.2, popcnt, avx, avx2, aes, clmul, erms, 3dnowpref, lzcnt, ht, tsc, tscinvbit, bmi1, bmi2, adx, fma

Memory: 4k page, system-wide physical 8075M (911M free)
TotalPageFile size 14667M (AvailPageFile size 2M)
current process WorkingSet (physical memory assigned to process): 68M, peak: 68M
current process commit charge ("private bytes"): 219M, peak: 220M

vm_info: Java HotSpot(TM) 64-Bit Server VM (11.0.2+9-LTS) for windows-amd64 JRE (11.0.2+9-LTS), built on Jan 18 2019 05:24:10 by "mach5one" with MS VC++ 15.5 (VS2017)

END.
