#
# There is insufficient memory for the Java Runtime Environment to continue.
# Native memory allocation (malloc) failed to allocate 735216 bytes for Chunk::new
# Possible reasons:
#   The system is out of physical RAM or swap space
#   The process is running with CompressedOops enabled, and the Java Heap may be blocking the growth of the native heap
# Possible solutions:
#   Reduce memory load on the system
#   Increase physical memory or swap space
#   Check if swap backing store is full
#   Decrease Java heap size (-Xmx/-Xms)
#   Decrease number of Java threads
#   Decrease Java thread stack sizes (-Xss)
#   Set larger code cache with -XX:ReservedCodeCacheSize=
#   JVM is running with Unscaled Compressed Oops mode in which the Java heap is
#     placed in the first 4GB address space. The Java Heap base address is the
#     maximum limit for the native heap growth. Please use -XX:HeapBaseMinAddress
#     to set the Java Heap base and to place the Java Heap above 4GB virtual address.
# This output file may be truncated or incomplete.
#
#  Out of Memory Error (t:/workspace/open/src/hotspot/share/memory/arena.cpp:197), pid=7228, tid=11316
#
# JRE version: Java(TM) SE Runtime Environment (11.0.2+9) (build 11.0.2+9-LTS)
# Java VM: Java HotSpot(TM) 64-Bit Server VM (11.0.2+9-LTS, mixed mode, tiered, compressed oops, g1 gc, windows-amd64)
# No core dump will be written. Minidumps are not enabled by default on client versions of Windows
#

---------------  S U M M A R Y ------------

Command Line: -ea -Didea.test.cyclic.buffer.size=1048576 -javaagent:C:\Program Files\JetBrains\IntelliJ IDEA 2020.2.2\lib\idea_rt.jar=62181:C:\Program Files\JetBrains\IntelliJ IDEA 2020.2.2\bin -Dfile.encoding=UTF-8 com.intellij.rt.junit.JUnitStarter -ideVersion5 -junit5 project_java.project.controller.CategoryControllerIT,addNewCategory

Host: Intel(R) Core(TM) i7-8550U CPU @ 1.80GHz, 8 cores, 7G,  Windows 10 , 64 bit Build 18362 (10.0.18362.1110)
Time: Thu Jan 14 22:01:21 2021 GTB Standard Time elapsed time: 2 seconds (0d 0h 0m 2s)

---------------  T H R E A D  ---------------

Current thread (0x000001e7be406000):  JavaThread "C2 CompilerThread1" daemon [_thread_in_native, id=11316, stack(0x0000006b1e000000,0x0000006b1e100000)]


Current CompileTask:
C2:   2602 2160   !   4       jdk.internal.loader.BuiltinClassLoader::loadClassOrNull (143 bytes)

Stack: [0x0000006b1e000000,0x0000006b1e100000]
Native frames: (J=compiled Java code, j=interpreted, Vv=VM code, C=native code)
V  [jvm.dll+0x63574a]
V  [jvm.dll+0x77326f]
V  [jvm.dll+0x77491a]
V  [jvm.dll+0x774fd3]
V  [jvm.dll+0x25e418]
V  [jvm.dll+0xc2141]
V  [jvm.dll+0xc26dc]
V  [jvm.dll+0x2cf274]
V  [jvm.dll+0x55235f]
V  [jvm.dll+0x219c1b]
V  [jvm.dll+0x2172c6]
V  [jvm.dll+0x194200]
V  [jvm.dll+0x2263af]
V  [jvm.dll+0x2249b8]
V  [jvm.dll+0x738a9d]
V  [jvm.dll+0x6347f2]
C  [ucrtbase.dll+0x210b2]
C  [KERNEL32.DLL+0x17c24]
C  [ntdll.dll+0x6d4d1]


---------------  P R O C E S S  ---------------

Threads class SMR info:
_java_thread_list=0x000001e7bf7d6f80, length=13, elements={
0x000001e79e61d000, 0x000001e7bd1d5000, 0x000001e7bd204800, 0x000001e7bda15000,
0x000001e7bda17000, 0x000001e7bda1e000, 0x000001e7bda1f800, 0x000001e7bda67800,
0x000001e7bd18e800, 0x000001e7bde0e800, 0x000001e7bdd32800, 0x000001e7be406000,
0x000001e7bf4ac000
}

Java Threads: ( => current thread )
  0x000001e79e61d000 JavaThread "main" [_thread_in_native, id=18756, stack(0x0000006b1ce00000,0x0000006b1cf00000)]
  0x000001e7bd1d5000 JavaThread "Reference Handler" daemon [_thread_blocked, id=17356, stack(0x0000006b1d500000,0x0000006b1d600000)]
  0x000001e7bd204800 JavaThread "Finalizer" daemon [_thread_blocked, id=4444, stack(0x0000006b1d600000,0x0000006b1d700000)]
  0x000001e7bda15000 JavaThread "Signal Dispatcher" daemon [_thread_blocked, id=18036, stack(0x0000006b1d700000,0x0000006b1d800000)]
  0x000001e7bda17000 JavaThread "Attach Listener" daemon [_thread_blocked, id=12580, stack(0x0000006b1d800000,0x0000006b1d900000)]
  0x000001e7bda1e000 JavaThread "C2 CompilerThread0" daemon [_thread_in_native, id=8676, stack(0x0000006b1d900000,0x0000006b1da00000)]
  0x000001e7bda1f800 JavaThread "C1 CompilerThread0" daemon [_thread_in_native, id=11808, stack(0x0000006b1da00000,0x0000006b1db00000)]
  0x000001e7bda67800 JavaThread "Sweeper thread" daemon [_thread_blocked, id=15164, stack(0x0000006b1db00000,0x0000006b1dc00000)]
  0x000001e7bd18e800 JavaThread "Common-Cleaner" daemon [_thread_blocked, id=944, stack(0x0000006b1dc00000,0x0000006b1dd00000)]
  0x000001e7bde0e800 JavaThread "Monitor Ctrl-Break" daemon [_thread_in_native, id=11796, stack(0x0000006b1dd00000,0x0000006b1de00000)]
  0x000001e7bdd32800 JavaThread "Service Thread" daemon [_thread_blocked, id=19376, stack(0x0000006b1de00000,0x0000006b1df00000)]
=>0x000001e7be406000 JavaThread "C2 CompilerThread1" daemon [_thread_in_native, id=11316, stack(0x0000006b1e000000,0x0000006b1e100000)]
  0x000001e7bf4ac000 JavaThread "background-preinit" [_thread_in_vm, id=15592, stack(0x0000006b1e400000,0x0000006b1e500000)]

Other Threads:
  0x000001e7bd1d2800 VMThread "VM Thread" [stack: 0x0000006b1d400000,0x0000006b1d500000] [id=18632]
  0x000001e7bdd33800 WatcherThread [stack: 0x0000006b1df00000,0x0000006b1e000000] [id=9772]
  0x000001e79e633800 GCTaskThread "GC Thread#0" [stack: 0x0000006b1cf00000,0x0000006b1d000000] [id=17200]
  0x000001e7bec27000 GCTaskThread "GC Thread#1" [stack: 0x0000006b1e100000,0x0000006b1e200000] [id=20176]
  0x000001e7bec27800 GCTaskThread "GC Thread#2" [stack: 0x0000006b1e200000,0x0000006b1e300000] [id=17520]
  0x000001e79e667000 ConcurrentGCThread "G1 Main Marker" [stack: 0x0000006b1d000000,0x0000006b1d100000] [id=19140]
  0x000001e79e669000 ConcurrentGCThread "G1 Conc#0" [stack: 0x0000006b1d100000,0x0000006b1d200000] [id=12008]
  0x000001e7be5f6000 ConcurrentGCThread "G1 Conc#1" [stack: 0x0000006b1e300000,0x0000006b1e400000] [id=2512]
  0x000001e79e6de800 ConcurrentGCThread "G1 Refine#0" [stack: 0x0000006b1d200000,0x0000006b1d300000] [id=11368]
  0x000001e7bd03c800 ConcurrentGCThread "G1 Young RemSet Sampling" [stack: 0x0000006b1d300000,0x0000006b1d400000] [id=20320]

Threads with active compile tasks:
C2 CompilerThread02242   !   4       java.net.URL::<init> (543 bytes)
C1 CompilerThread02307       3       jdk.internal.reflect.ClassFileAssembler::emitConstantPoolClass (23 bytes)
C2 CompilerThread12160   !   4       jdk.internal.loader.BuiltinClassLoader::loadClassOrNull (143 bytes)

VM state:not at safepoint (normal execution)

VM Mutex/Monitor currently owned by a thread: None

Heap address: 0x0000000081c00000, size: 2020 MB, Compressed Oops mode: 32-bit
Narrow klass base: 0x0000000000000000, Narrow klass shift: 3
Compressed class space size: 1073741824 Address: 0x0000000100000000

Heap:
 garbage-first heap   total 131072K, used 57309K [0x0000000081c00000, 0x0000000100000000)
  region size 1024K, 54 young (55296K), 6 survivors (6144K)
 Metaspace       used 28706K, capacity 29513K, committed 29568K, reserved 1079296K
  class space    used 3419K, capacity 3711K, committed 3712K, reserved 1048576K
Heap Regions: E=young(eden), S=young(survivor), O=old, HS=humongous(starts), HC=humongous(continues), CS=collection set, F=free, A=archive, TAMS=top-at-mark-start (previous, next)
|   0|0x0000000081c00000, 0x0000000081d00000, 0x0000000081d00000|100%|HS|  |TAMS 0x0000000081d00000, 0x0000000081c00000| Complete 
|   1|0x0000000081d00000, 0x0000000081e00000, 0x0000000081e00000|100%| O|  |TAMS 0x0000000081e00000, 0x0000000081d00000| Untracked 
|   2|0x0000000081e00000, 0x0000000081f00000, 0x0000000081f00000|100%| O|  |TAMS 0x0000000081f00000, 0x0000000081e00000| Untracked 
|   3|0x0000000081f00000, 0x0000000081fdf200, 0x0000000082000000| 87%| O|  |TAMS 0x0000000081fdf200, 0x0000000081f00000| Untracked 
|   4|0x0000000082000000, 0x0000000082000000, 0x0000000082100000|  0%| F|  |TAMS 0x0000000082000000, 0x0000000082000000| Untracked 
|   5|0x0000000082100000, 0x0000000082100000, 0x0000000082200000|  0%| F|  |TAMS 0x0000000082100000, 0x0000000082100000| Untracked 
|   6|0x0000000082200000, 0x0000000082200000, 0x0000000082300000|  0%| F|  |TAMS 0x0000000082200000, 0x0000000082200000| Untracked 
|   7|0x0000000082300000, 0x0000000082300000, 0x0000000082400000|  0%| F|  |TAMS 0x0000000082300000, 0x0000000082300000| Untracked 
|   8|0x0000000082400000, 0x0000000082400000, 0x0000000082500000|  0%| F|  |TAMS 0x0000000082400000, 0x0000000082400000| Untracked 
|   9|0x0000000082500000, 0x0000000082500000, 0x0000000082600000|  0%| F|  |TAMS 0x0000000082500000, 0x0000000082500000| Untracked 
|  10|0x0000000082600000, 0x0000000082600000, 0x0000000082700000|  0%| F|  |TAMS 0x0000000082600000, 0x0000000082600000| Untracked 
|  11|0x0000000082700000, 0x0000000082700000, 0x0000000082800000|  0%| F|  |TAMS 0x0000000082700000, 0x0000000082700000| Untracked 
|  12|0x0000000082800000, 0x0000000082800000, 0x0000000082900000|  0%| F|  |TAMS 0x0000000082800000, 0x0000000082800000| Untracked 
|  13|0x0000000082900000, 0x0000000082900000, 0x0000000082a00000|  0%| F|  |TAMS 0x0000000082900000, 0x0000000082900000| Untracked 
|  14|0x0000000082a00000, 0x0000000082a00000, 0x0000000082b00000|  0%| F|  |TAMS 0x0000000082a00000, 0x0000000082a00000| Untracked 
|  15|0x0000000082b00000, 0x0000000082b00000, 0x0000000082c00000|  0%| F|  |TAMS 0x0000000082b00000, 0x0000000082b00000| Untracked 
|  16|0x0000000082c00000, 0x0000000082c00000, 0x0000000082d00000|  0%| F|  |TAMS 0x0000000082c00000, 0x0000000082c00000| Untracked 
|  17|0x0000000082d00000, 0x0000000082d00000, 0x0000000082e00000|  0%| F|  |TAMS 0x0000000082d00000, 0x0000000082d00000| Untracked 
|  18|0x0000000082e00000, 0x0000000082e00000, 0x0000000082f00000|  0%| F|  |TAMS 0x0000000082e00000, 0x0000000082e00000| Untracked 
|  19|0x0000000082f00000, 0x0000000082f00000, 0x0000000083000000|  0%| F|  |TAMS 0x0000000082f00000, 0x0000000082f00000| Untracked 
|  20|0x0000000083000000, 0x0000000083000000, 0x0000000083100000|  0%| F|  |TAMS 0x0000000083000000, 0x0000000083000000| Untracked 
|  21|0x0000000083100000, 0x0000000083100000, 0x0000000083200000|  0%| F|  |TAMS 0x0000000083100000, 0x0000000083100000| Untracked 
|  22|0x0000000083200000, 0x0000000083200000, 0x0000000083300000|  0%| F|  |TAMS 0x0000000083200000, 0x0000000083200000| Untracked 
|  23|0x0000000083300000, 0x0000000083300000, 0x0000000083400000|  0%| F|  |TAMS 0x0000000083300000, 0x0000000083300000| Untracked 
|  24|0x0000000083400000, 0x0000000083400000, 0x0000000083500000|  0%| F|  |TAMS 0x0000000083400000, 0x0000000083400000| Untracked 
|  25|0x0000000083500000, 0x0000000083500000, 0x0000000083600000|  0%| F|  |TAMS 0x0000000083500000, 0x0000000083500000| Untracked 
|  26|0x0000000083600000, 0x0000000083600000, 0x0000000083700000|  0%| F|  |TAMS 0x0000000083600000, 0x0000000083600000| Untracked 
|  27|0x0000000083700000, 0x0000000083700000, 0x0000000083800000|  0%| F|  |TAMS 0x0000000083700000, 0x0000000083700000| Untracked 
|  28|0x0000000083800000, 0x0000000083800000, 0x0000000083900000|  0%| F|  |TAMS 0x0000000083800000, 0x0000000083800000| Untracked 
|  29|0x0000000083900000, 0x0000000083900000, 0x0000000083a00000|  0%| F|  |TAMS 0x0000000083900000, 0x0000000083900000| Untracked 
|  30|0x0000000083a00000, 0x0000000083a00000, 0x0000000083b00000|  0%| F|  |TAMS 0x0000000083a00000, 0x0000000083a00000| Untracked 
|  31|0x0000000083b00000, 0x0000000083b00000, 0x0000000083c00000|  0%| F|  |TAMS 0x0000000083b00000, 0x0000000083b00000| Untracked 
|  32|0x0000000083c00000, 0x0000000083c00000, 0x0000000083d00000|  0%| F|  |TAMS 0x0000000083c00000, 0x0000000083c00000| Untracked 
|  33|0x0000000083d00000, 0x0000000083d00000, 0x0000000083e00000|  0%| F|  |TAMS 0x0000000083d00000, 0x0000000083d00000| Untracked 
|  34|0x0000000083e00000, 0x0000000083e00000, 0x0000000083f00000|  0%| F|  |TAMS 0x0000000083e00000, 0x0000000083e00000| Untracked 
|  35|0x0000000083f00000, 0x0000000083f00000, 0x0000000084000000|  0%| F|  |TAMS 0x0000000083f00000, 0x0000000083f00000| Untracked 
|  36|0x0000000084000000, 0x0000000084000000, 0x0000000084100000|  0%| F|  |TAMS 0x0000000084000000, 0x0000000084000000| Untracked 
|  37|0x0000000084100000, 0x0000000084100000, 0x0000000084200000|  0%| F|  |TAMS 0x0000000084100000, 0x0000000084100000| Untracked 
|  38|0x0000000084200000, 0x0000000084200000, 0x0000000084300000|  0%| F|  |TAMS 0x0000000084200000, 0x0000000084200000| Untracked 
|  39|0x0000000084300000, 0x0000000084300000, 0x0000000084400000|  0%| F|  |TAMS 0x0000000084300000, 0x0000000084300000| Untracked 
|  40|0x0000000084400000, 0x0000000084400000, 0x0000000084500000|  0%| F|  |TAMS 0x0000000084400000, 0x0000000084400000| Untracked 
|  41|0x0000000084500000, 0x0000000084500000, 0x0000000084600000|  0%| F|  |TAMS 0x0000000084500000, 0x0000000084500000| Untracked 
|  42|0x0000000084600000, 0x0000000084600000, 0x0000000084700000|  0%| F|  |TAMS 0x0000000084600000, 0x0000000084600000| Untracked 
|  43|0x0000000084700000, 0x0000000084700000, 0x0000000084800000|  0%| F|  |TAMS 0x0000000084700000, 0x0000000084700000| Untracked 
|  44|0x0000000084800000, 0x0000000084800000, 0x0000000084900000|  0%| F|  |TAMS 0x0000000084800000, 0x0000000084800000| Untracked 
|  45|0x0000000084900000, 0x0000000084900000, 0x0000000084a00000|  0%| F|  |TAMS 0x0000000084900000, 0x0000000084900000| Untracked 
|  46|0x0000000084a00000, 0x0000000084a00000, 0x0000000084b00000|  0%| F|  |TAMS 0x0000000084a00000, 0x0000000084a00000| Untracked 
|  47|0x0000000084b00000, 0x0000000084b00000, 0x0000000084c00000|  0%| F|  |TAMS 0x0000000084b00000, 0x0000000084b00000| Untracked 
|  48|0x0000000084c00000, 0x0000000084c00000, 0x0000000084d00000|  0%| F|  |TAMS 0x0000000084c00000, 0x0000000084c00000| Untracked 
|  49|0x0000000084d00000, 0x0000000084d00000, 0x0000000084e00000|  0%| F|  |TAMS 0x0000000084d00000, 0x0000000084d00000| Untracked 
|  50|0x0000000084e00000, 0x0000000084e00000, 0x0000000084f00000|  0%| F|  |TAMS 0x0000000084e00000, 0x0000000084e00000| Untracked 
|  51|0x0000000084f00000, 0x0000000084f00000, 0x0000000085000000|  0%| F|  |TAMS 0x0000000084f00000, 0x0000000084f00000| Untracked 
|  52|0x0000000085000000, 0x0000000085000000, 0x0000000085100000|  0%| F|  |TAMS 0x0000000085000000, 0x0000000085000000| Untracked 
|  53|0x0000000085100000, 0x0000000085100000, 0x0000000085200000|  0%| F|  |TAMS 0x0000000085100000, 0x0000000085100000| Untracked 
|  54|0x0000000085200000, 0x0000000085200000, 0x0000000085300000|  0%| F|  |TAMS 0x0000000085200000, 0x0000000085200000| Untracked 
|  55|0x0000000085300000, 0x0000000085300000, 0x0000000085400000|  0%| F|  |TAMS 0x0000000085300000, 0x0000000085300000| Untracked 
|  56|0x0000000085400000, 0x0000000085400000, 0x0000000085500000|  0%| F|  |TAMS 0x0000000085400000, 0x0000000085400000| Untracked 
|  57|0x0000000085500000, 0x0000000085500000, 0x0000000085600000|  0%| F|  |TAMS 0x0000000085500000, 0x0000000085500000| Untracked 
|  58|0x0000000085600000, 0x0000000085600000, 0x0000000085700000|  0%| F|  |TAMS 0x0000000085600000, 0x0000000085600000| Untracked 
|  59|0x0000000085700000, 0x0000000085700000, 0x0000000085800000|  0%| F|  |TAMS 0x0000000085700000, 0x0000000085700000| Untracked 
|  60|0x0000000085800000, 0x0000000085800000, 0x0000000085900000|  0%| F|  |TAMS 0x0000000085800000, 0x0000000085800000| Untracked 
|  61|0x0000000085900000, 0x0000000085900000, 0x0000000085a00000|  0%| F|  |TAMS 0x0000000085900000, 0x0000000085900000| Untracked 
|  62|0x0000000085a00000, 0x0000000085a00000, 0x0000000085b00000|  0%| F|  |TAMS 0x0000000085a00000, 0x0000000085a00000| Untracked 
|  63|0x0000000085b00000, 0x0000000085b00000, 0x0000000085c00000|  0%| F|  |TAMS 0x0000000085b00000, 0x0000000085b00000| Untracked 
|  64|0x0000000085c00000, 0x0000000085c00000, 0x0000000085d00000|  0%| F|  |TAMS 0x0000000085c00000, 0x0000000085c00000| Untracked 
|  65|0x0000000085d00000, 0x0000000085d00000, 0x0000000085e00000|  0%| F|  |TAMS 0x0000000085d00000, 0x0000000085d00000| Untracked 
|  66|0x0000000085e00000, 0x0000000085e00000, 0x0000000085f00000|  0%| F|  |TAMS 0x0000000085e00000, 0x0000000085e00000| Untracked 
|  67|0x0000000085f00000, 0x0000000085f00000, 0x0000000086000000|  0%| F|  |TAMS 0x0000000085f00000, 0x0000000085f00000| Untracked 
|  68|0x0000000086000000, 0x00000000860184e0, 0x0000000086100000|  9%| S|CS|TAMS 0x0000000086000000, 0x0000000086000000| Complete 
|  69|0x0000000086100000, 0x0000000086200000, 0x0000000086200000|100%| S|CS|TAMS 0x0000000086100000, 0x0000000086100000| Complete 
|  70|0x0000000086200000, 0x0000000086300000, 0x0000000086300000|100%| S|CS|TAMS 0x0000000086200000, 0x0000000086200000| Complete 
|  71|0x0000000086300000, 0x0000000086400000, 0x0000000086400000|100%| S|CS|TAMS 0x0000000086300000, 0x0000000086300000| Complete 
|  72|0x0000000086400000, 0x0000000086500000, 0x0000000086500000|100%| S|CS|TAMS 0x0000000086400000, 0x0000000086400000| Complete 
|  73|0x0000000086500000, 0x0000000086600000, 0x0000000086600000|100%| S|CS|TAMS 0x0000000086500000, 0x0000000086500000| Complete 
|  74|0x0000000086600000, 0x0000000086600000, 0x0000000086700000|  0%| F|  |TAMS 0x0000000086600000, 0x0000000086600000| Untracked 
|  75|0x0000000086700000, 0x0000000086700000, 0x0000000086800000|  0%| F|  |TAMS 0x0000000086700000, 0x0000000086700000| Untracked 
|  76|0x0000000086800000, 0x0000000086800000, 0x0000000086900000|  0%| F|  |TAMS 0x0000000086800000, 0x0000000086800000| Untracked 
|  77|0x0000000086900000, 0x0000000086900000, 0x0000000086a00000|  0%| F|  |TAMS 0x0000000086900000, 0x0000000086900000| Untracked 
|  78|0x0000000086a00000, 0x0000000086a00000, 0x0000000086b00000|  0%| F|  |TAMS 0x0000000086a00000, 0x0000000086a00000| Untracked 
|  79|0x0000000086b00000, 0x0000000086b00000, 0x0000000086c00000|  0%| F|  |TAMS 0x0000000086b00000, 0x0000000086b00000| Untracked 
|  80|0x0000000086c00000, 0x0000000086c808e8, 0x0000000086d00000| 50%| E|CS|TAMS 0x0000000086c00000, 0x0000000086c808e8| Complete 
|  81|0x0000000086d00000, 0x0000000086e00000, 0x0000000086e00000|100%| E|CS|TAMS 0x0000000086d00000, 0x0000000086e00000| Complete 
|  82|0x0000000086e00000, 0x0000000086f00000, 0x0000000086f00000|100%| E|CS|TAMS 0x0000000086e00000, 0x0000000086f00000| Complete 
|  83|0x0000000086f00000, 0x0000000087000000, 0x0000000087000000|100%| E|CS|TAMS 0x0000000086f00000, 0x0000000087000000| Complete 
|  84|0x0000000087000000, 0x0000000087100000, 0x0000000087100000|100%| E|CS|TAMS 0x0000000087000000, 0x0000000087100000| Complete 
|  85|0x0000000087100000, 0x0000000087200000, 0x0000000087200000|100%| E|CS|TAMS 0x0000000087100000, 0x0000000087200000| Complete 
|  86|0x0000000087200000, 0x0000000087300000, 0x0000000087300000|100%| E|CS|TAMS 0x0000000087200000, 0x0000000087300000| Complete 
|  87|0x0000000087300000, 0x0000000087400000, 0x0000000087400000|100%| E|CS|TAMS 0x0000000087300000, 0x0000000087400000| Complete 
|  88|0x0000000087400000, 0x0000000087500000, 0x0000000087500000|100%| E|CS|TAMS 0x0000000087400000, 0x0000000087500000| Complete 
|  89|0x0000000087500000, 0x0000000087600000, 0x0000000087600000|100%| E|CS|TAMS 0x0000000087500000, 0x0000000087600000| Complete 
|  90|0x0000000087600000, 0x0000000087700000, 0x0000000087700000|100%| E|CS|TAMS 0x0000000087600000, 0x0000000087700000| Complete 
|  91|0x0000000087700000, 0x0000000087800000, 0x0000000087800000|100%| E|CS|TAMS 0x0000000087700000, 0x0000000087800000| Complete 
|  92|0x0000000087800000, 0x0000000087900000, 0x0000000087900000|100%| E|CS|TAMS 0x0000000087800000, 0x0000000087900000| Complete 
|  93|0x0000000087900000, 0x0000000087a00000, 0x0000000087a00000|100%| E|CS|TAMS 0x0000000087900000, 0x0000000087a00000| Complete 
|  94|0x0000000087a00000, 0x0000000087b00000, 0x0000000087b00000|100%| E|CS|TAMS 0x0000000087a00000, 0x0000000087b00000| Complete 
|  95|0x0000000087b00000, 0x0000000087c00000, 0x0000000087c00000|100%| E|CS|TAMS 0x0000000087b00000, 0x0000000087c00000| Complete 
|  96|0x0000000087c00000, 0x0000000087d00000, 0x0000000087d00000|100%| E|CS|TAMS 0x0000000087c00000, 0x0000000087d00000| Complete 
|  97|0x0000000087d00000, 0x0000000087e00000, 0x0000000087e00000|100%| E|CS|TAMS 0x0000000087d00000, 0x0000000087e00000| Complete 
|  98|0x0000000087e00000, 0x0000000087f00000, 0x0000000087f00000|100%| E|CS|TAMS 0x0000000087e00000, 0x0000000087f00000| Complete 
|  99|0x0000000087f00000, 0x0000000088000000, 0x0000000088000000|100%| E|CS|TAMS 0x0000000087f00000, 0x0000000088000000| Complete 
| 100|0x0000000088000000, 0x0000000088100000, 0x0000000088100000|100%| E|CS|TAMS 0x0000000088000000, 0x0000000088100000| Complete 
| 101|0x0000000088100000, 0x0000000088200000, 0x0000000088200000|100%| E|CS|TAMS 0x0000000088100000, 0x0000000088200000| Complete 
| 102|0x0000000088200000, 0x0000000088300000, 0x0000000088300000|100%| E|CS|TAMS 0x0000000088200000, 0x0000000088300000| Complete 
| 103|0x0000000088300000, 0x0000000088400000, 0x0000000088400000|100%| E|CS|TAMS 0x0000000088300000, 0x0000000088400000| Complete 
| 104|0x0000000088400000, 0x0000000088500000, 0x0000000088500000|100%| E|CS|TAMS 0x0000000088400000, 0x0000000088500000| Complete 
| 105|0x0000000088500000, 0x0000000088600000, 0x0000000088600000|100%| E|CS|TAMS 0x0000000088500000, 0x0000000088600000| Complete 
| 106|0x0000000088600000, 0x0000000088700000, 0x0000000088700000|100%| E|CS|TAMS 0x0000000088600000, 0x0000000088700000| Complete 
| 107|0x0000000088700000, 0x0000000088800000, 0x0000000088800000|100%| E|CS|TAMS 0x0000000088700000, 0x0000000088800000| Complete 
| 108|0x0000000088800000, 0x0000000088900000, 0x0000000088900000|100%| E|CS|TAMS 0x0000000088800000, 0x0000000088900000| Complete 
| 109|0x0000000088900000, 0x0000000088a00000, 0x0000000088a00000|100%| E|CS|TAMS 0x0000000088900000, 0x0000000088a00000| Complete 
| 110|0x0000000088a00000, 0x0000000088b00000, 0x0000000088b00000|100%| E|CS|TAMS 0x0000000088a00000, 0x0000000088b00000| Complete 
| 111|0x0000000088b00000, 0x0000000088c00000, 0x0000000088c00000|100%| E|CS|TAMS 0x0000000088b00000, 0x0000000088c00000| Complete 
| 112|0x0000000088c00000, 0x0000000088d00000, 0x0000000088d00000|100%| E|CS|TAMS 0x0000000088c00000, 0x0000000088d00000| Complete 
| 113|0x0000000088d00000, 0x0000000088e00000, 0x0000000088e00000|100%| E|CS|TAMS 0x0000000088d00000, 0x0000000088e00000| Complete 
| 114|0x0000000088e00000, 0x0000000088f00000, 0x0000000088f00000|100%| E|CS|TAMS 0x0000000088e00000, 0x0000000088f00000| Complete 
| 115|0x0000000088f00000, 0x0000000089000000, 0x0000000089000000|100%| E|CS|TAMS 0x0000000088f00000, 0x0000000089000000| Complete 
| 116|0x0000000089000000, 0x0000000089100000, 0x0000000089100000|100%| E|CS|TAMS 0x0000000089000000, 0x0000000089100000| Complete 
| 117|0x0000000089100000, 0x0000000089200000, 0x0000000089200000|100%| E|CS|TAMS 0x0000000089100000, 0x0000000089200000| Complete 
| 118|0x0000000089200000, 0x0000000089300000, 0x0000000089300000|100%| E|CS|TAMS 0x0000000089200000, 0x0000000089300000| Complete 
| 119|0x0000000089300000, 0x0000000089400000, 0x0000000089400000|100%| E|CS|TAMS 0x0000000089300000, 0x0000000089400000| Complete 
| 120|0x0000000089400000, 0x0000000089500000, 0x0000000089500000|100%| E|CS|TAMS 0x0000000089400000, 0x0000000089500000| Complete 
| 121|0x0000000089500000, 0x0000000089600000, 0x0000000089600000|100%| E|CS|TAMS 0x0000000089500000, 0x0000000089600000| Complete 
| 122|0x0000000089600000, 0x0000000089700000, 0x0000000089700000|100%| E|CS|TAMS 0x0000000089600000, 0x0000000089700000| Complete 
| 123|0x0000000089700000, 0x0000000089800000, 0x0000000089800000|100%| E|CS|TAMS 0x0000000089700000, 0x0000000089800000| Complete 
| 124|0x0000000089800000, 0x0000000089900000, 0x0000000089900000|100%| E|CS|TAMS 0x0000000089800000, 0x0000000089900000| Complete 
| 125|0x0000000089900000, 0x0000000089a00000, 0x0000000089a00000|100%| E|CS|TAMS 0x0000000089900000, 0x0000000089a00000| Complete 
| 126|0x0000000089a00000, 0x0000000089b00000, 0x0000000089b00000|100%| E|CS|TAMS 0x0000000089a00000, 0x0000000089b00000| Complete 
| 127|0x0000000089b00000, 0x0000000089c00000, 0x0000000089c00000|100%| E|CS|TAMS 0x0000000089b00000, 0x0000000089c00000| Complete 

Card table byte_map: [0x000001e7b6070000,0x000001e7b6470000] _byte_map_base: 0x000001e7b5c62000

Marking Bits (Prev, Next): (CMBitMap*) 0x000001e79e65e5f0, (CMBitMap*) 0x000001e79e65e5b8
 Prev Bits: [0x000001e7b8800000, 0x000001e7ba790000)
 Next Bits: [0x000001e7b6870000, 0x000001e7b8800000)

Polling page: 0x000001e79dde0000

Metaspace:

Usage:
  Non-class:     25.20 MB capacity,    24.72 MB ( 98%) used,   396.59 KB (  2%) free+waste,    92.88 KB ( <1%) overhead. 
      Class:      3.63 MB capacity,     3.34 MB ( 92%) used,   244.86 KB (  7%) free+waste,    44.63 KB (  1%) overhead. 
       Both:     28.82 MB capacity,    28.06 MB ( 97%) used,   641.45 KB (  2%) free+waste,   137.50 KB ( <1%) overhead. 

Virtual space:
  Non-class space:       40.00 MB reserved,      25.25 MB ( 63%) committed 
      Class space:        1.00 GB reserved,       3.63 MB ( <1%) committed 
             Both:        1.04 GB reserved,      28.88 MB (  3%) committed 

Chunk freelists:
   Non-Class:  6.50 KB
       Class:  0 bytes
        Both:  6.50 KB

CodeHeap 'non-profiled nmethods': size=120000Kb used=980Kb max_used=980Kb free=119020Kb
 bounds [0x000001e7ae400000, 0x000001e7ae670000, 0x000001e7b5930000]
CodeHeap 'profiled nmethods': size=120000Kb used=4965Kb max_used=4965Kb free=115035Kb
 bounds [0x000001e7a6ed0000, 0x000001e7a73b0000, 0x000001e7ae400000]
CodeHeap 'non-nmethods': size=5760Kb used=1116Kb max_used=1144Kb free=4643Kb
 bounds [0x000001e7a6930000, 0x000001e7a6ba0000, 0x000001e7a6ed0000]
 total_blobs=3231 nmethods=2286 adapters=343
 compilation: enabled
              stopped_count=0, restarted_count=0
 full_count=0

Compilation events (10 events):
Event: 2.595 Thread 0x000001e7bda1f800 2280       3       org.springframework.boot.test.autoconfigure.filter.AnnotationCustomizableTypeExcludeFilter::isTypeOrAnnotated (46 bytes)
Event: 2.596 Thread 0x000001e7bda1f800 nmethod 2280 0x000001e7a7399710 code [0x000001e7a73999e0, 0x000001e7a739a890]
Event: 2.596 Thread 0x000001e7bda1f800 2279       3       org.springframework.core.type.filter.AnnotationTypeFilter::<init> (8 bytes)
Event: 2.597 Thread 0x000001e7bda1f800 nmethod 2279 0x000001e7a739ae10 code [0x000001e7a739b080, 0x000001e7a739ba40]
Event: 2.597 Thread 0x000001e7bda1f800 2283       3       org.springframework.core.annotation.TypeMappedAnnotations::get (52 bytes)
Event: 2.598 Thread 0x000001e7bda1f800 nmethod 2283 0x000001e7a739be10 code [0x000001e7a739c020, 0x000001e7a739c690]
Event: 2.598 Thread 0x000001e7bda1f800 2284       3       org.springframework.core.annotation.TypeMappedAnnotations::isDirectlyPresent (39 bytes)
Event: 2.598 Thread 0x000001e7bda1f800 nmethod 2284 0x000001e7a739c890 code [0x000001e7a739caa0, 0x000001e7a739d0b0]
Event: 2.598 Thread 0x000001e7bda1f800 2285       3       org.springframework.util.ClassUtils::resolvePrimitiveIfNecessary (37 bytes)
Event: 2.599 Thread 0x000001e7bda1f800 nmethod 2285 0x000001e7a739d210 code [0x000001e7a739d400, 0x000001e7a739d8c0]

GC Heap History (4 events):
Event: 0.881 GC heap before
{Heap before GC invocations=0 (full 0):
 garbage-first heap   total 131072K, used 24576K [0x0000000081c00000, 0x0000000100000000)
  region size 1024K, 24 young (24576K), 0 survivors (0K)
 Metaspace       used 10916K, capacity 11324K, committed 11520K, reserved 1058816K
  class space    used 1124K, capacity 1270K, committed 1280K, reserved 1048576K
}
Event: 0.886 GC heap after
{Heap after GC invocations=1 (full 0):
 garbage-first heap   total 131072K, used 7036K [0x0000000081c00000, 0x0000000100000000)
  region size 1024K, 3 young (3072K), 3 survivors (3072K)
 Metaspace       used 10916K, capacity 11324K, committed 11520K, reserved 1058816K
  class space    used 1124K, capacity 1270K, committed 1280K, reserved 1048576K
}
Event: 1.821 GC heap before
{Heap before GC invocations=1 (full 0):
 garbage-first heap   total 131072K, used 58236K [0x0000000081c00000, 0x0000000100000000)
  region size 1024K, 54 young (55296K), 3 survivors (3072K)
 Metaspace       used 20528K, capacity 21111K, committed 21248K, reserved 1069056K
  class space    used 2229K, capacity 2470K, committed 2560K, reserved 1048576K
}
Event: 1.831 GC heap after
{Heap after GC invocations=2 (full 0):
 garbage-first heap   total 131072K, used 9181K [0x0000000081c00000, 0x0000000100000000)
  region size 1024K, 6 young (6144K), 6 survivors (6144K)
 Metaspace       used 20528K, capacity 21111K, committed 21248K, reserved 1069056K
  class space    used 2229K, capacity 2470K, committed 2560K, reserved 1048576K
}

Deoptimization events (10 events):
Event: 1.418 Thread 0x000001e79e61d000 Uncommon trap: reason=unstable_if action=reinterpret pc=0x000001e7ae42e62c method=java.util.zip.ZipFile$Source.getEntryPos([BZ)I @ 156 c2
Event: 1.684 Thread 0x000001e79e61d000 Uncommon trap: reason=unstable_if action=reinterpret pc=0x000001e7ae49108c method=jdk.internal.org.objectweb.asm.Item.isEqualTo(Ljdk/internal/org/objectweb/asm/Item;)Z @ 331 c2
Event: 1.925 Thread 0x000001e79e61d000 Uncommon trap: reason=unstable_if action=reinterpret pc=0x000001e7ae49fcd4 method=java.lang.ref.SoftReference.get()Ljava/lang/Object; @ 6 c2
Event: 1.992 Thread 0x000001e79e61d000 Uncommon trap: reason=unstable_if action=reinterpret pc=0x000001e7ae4a87dc method=java.lang.String.indexOf([BBILjava/lang/String;I)I @ 21 c2
Event: 1.992 Thread 0x000001e79e61d000 Uncommon trap: reason=unstable_if action=reinterpret pc=0x000001e7ae4bcc8c method=java.net.URLStreamHandler.parseURL(Ljava/net/URL;Ljava/lang/String;II)V @ 725 c2
Event: 2.154 Thread 0x000001e79e61d000 Uncommon trap: reason=unstable_if action=reinterpret pc=0x000001e7ae4aaed4 method=java.net.URL.<init>(Ljava/net/URL;Ljava/lang/String;Ljava/net/URLStreamHandler;)V @ 347 c2
Event: 2.341 Thread 0x000001e79e61d000 Uncommon trap: reason=unstable_if action=reinterpret pc=0x000001e7ae47d678 method=java.util.concurrent.ConcurrentHashMap.putVal(Ljava/lang/Object;Ljava/lang/Object;Z)Ljava/lang/Object; @ 231 c2
Event: 2.401 Thread 0x000001e79e61d000 Uncommon trap: reason=unstable_if action=reinterpret pc=0x000001e7ae468784 method=java.util.concurrent.ConcurrentHashMap.get(Ljava/lang/Object;)Ljava/lang/Object; @ 76 c2
Event: 2.475 Thread 0x000001e79e61d000 Uncommon trap: reason=class_check action=maybe_recompile pc=0x000001e7ae497988 method=java.util.HashMap.putVal(ILjava/lang/Object;Ljava/lang/Object;ZZ)Ljava/lang/Object; @ 203 c2
Event: 2.476 Thread 0x000001e79e61d000 Uncommon trap: reason=class_check action=maybe_recompile pc=0x000001e7ae497988 method=java.util.HashMap.putVal(ILjava/lang/Object;Ljava/lang/Object;ZZ)Ljava/lang/Object; @ 203 c2

Classes redefined (0 events):
No events

Internal exceptions (10 events):
Event: 2.413 Thread 0x000001e79e61d000 Exception <a 'java/lang/ClassNotFoundException'{0x0000000087b3f4a8}: org/springframework/core/PriorityOrderedCustomizer> (0x0000000087b3f4a8) thrown at [t:/workspace/open/src/hotspot/share/classfile/systemDictionary.cpp, line 231]
Event: 2.414 Thread 0x000001e79e61d000 Exception <a 'java/lang/ClassNotFoundException'{0x0000000087b4e170}: org/springframework/core/OrderedCustomizer> (0x0000000087b4e170) thrown at [t:/workspace/open/src/hotspot/share/classfile/systemDictionary.cpp, line 231]
Event: 2.415 Thread 0x000001e79e61d000 Exception <a 'java/lang/ClassNotFoundException'{0x0000000087b5fbc0}: org/springframework/context/ResourceLoaderAwareCustomizer> (0x0000000087b5fbc0) thrown at [t:/workspace/open/src/hotspot/share/classfile/systemDictionary.cpp, line 231]
Event: 2.415 Thread 0x000001e79e61d000 Exception <a 'java/lang/ClassNotFoundException'{0x0000000087b706a8}: org/springframework/beans/factory/AwareCustomizer> (0x0000000087b706a8) thrown at [t:/workspace/open/src/hotspot/share/classfile/systemDictionary.cpp, line 231]
Event: 2.416 Thread 0x000001e79e61d000 Exception <a 'java/lang/ClassNotFoundException'{0x0000000087a01c50}: org/springframework/context/ApplicationStartupAwareCustomizer> (0x0000000087a01c50) thrown at [t:/workspace/open/src/hotspot/share/classfile/systemDictionary.cpp, line 231]
Event: 2.416 Thread 0x000001e79e61d000 Exception <a 'java/lang/ClassNotFoundException'{0x0000000087a129b0}: org/springframework/beans/factory/AwareCustomizer> (0x0000000087a129b0) thrown at [t:/workspace/open/src/hotspot/share/classfile/systemDictionary.cpp, line 231]
Event: 2.417 Thread 0x000001e79e61d000 Exception <a 'java/lang/ClassNotFoundException'{0x0000000087a245d8}: org/springframework/beans/factory/BeanClassLoaderAwareCustomizer> (0x0000000087a245d8) thrown at [t:/workspace/open/src/hotspot/share/classfile/systemDictionary.cpp, line 231]
Event: 2.418 Thread 0x000001e79e61d000 Exception <a 'java/lang/ClassNotFoundException'{0x0000000087a350d8}: org/springframework/beans/factory/AwareCustomizer> (0x0000000087a350d8) thrown at [t:/workspace/open/src/hotspot/share/classfile/systemDictionary.cpp, line 231]
Event: 2.418 Thread 0x000001e79e61d000 Exception <a 'java/lang/ClassNotFoundException'{0x0000000087a45950}: org/springframework/context/EnvironmentAwareCustomizer> (0x0000000087a45950) thrown at [t:/workspace/open/src/hotspot/share/classfile/systemDictionary.cpp, line 231]
Event: 2.420 Thread 0x000001e79e61d000 Exception <a 'java/lang/ClassNotFoundException'{0x0000000087a563c8}: org/springframework/beans/factory/AwareCustomizer> (0x0000000087a563c8) thrown at [t:/workspace/open/src/hotspot/share/classfile/systemDictionary.cpp, line 231]

Events (10 events):
Event: 2.599 loading class org/hibernate/validator/cfg/context/PropertyTarget
Event: 2.599 loading class org/hibernate/validator/cfg/context/PropertyTarget done
Event: 2.599 loading class org/hibernate/validator/cfg/context/MethodTarget
Event: 2.599 loading class org/hibernate/validator/cfg/context/MethodTarget done
Event: 2.600 loading class org/hibernate/validator/cfg/context/ConstructorTarget
Event: 2.600 loading class org/hibernate/validator/cfg/context/ConstructorTarget done
Event: 2.600 loading class org/hibernate/validator/cfg/context/AnnotationProcessingOptions
Event: 2.600 loading class org/hibernate/validator/cfg/context/AnnotationProcessingOptions done
Event: 2.600 loading class org/hibernate/validator/cfg/context/AnnotationIgnoreOptions
Event: 2.600 loading class org/hibernate/validator/cfg/context/AnnotationIgnoreOptions done


Dynamic libraries:
0x00007ff7f2af0000 - 0x00007ff7f2b37000 	C:\Program Files\Java\jdk-11.0.2\bin\java.exe
0x00007ffb77500000 - 0x00007ffb776f0000 	C:\WINDOWS\SYSTEM32\ntdll.dll
0x00007ffb76c80000 - 0x00007ffb76d32000 	C:\WINDOWS\System32\KERNEL32.DLL
0x00007ffb74510000 - 0x00007ffb747b5000 	C:\WINDOWS\System32\KERNELBASE.dll
0x00007ffb75990000 - 0x00007ffb75a33000 	C:\WINDOWS\System32\ADVAPI32.dll
0x00007ffb755b0000 - 0x00007ffb7564e000 	C:\WINDOWS\System32\msvcrt.dll
0x00007ffb76d40000 - 0x00007ffb76dd7000 	C:\WINDOWS\System32\sechost.dll
0x00007ffb76240000 - 0x00007ffb76360000 	C:\WINDOWS\System32\RPCRT4.dll
0x00007ffb77320000 - 0x00007ffb774b4000 	C:\WINDOWS\System32\USER32.dll
0x00007ffb752c0000 - 0x00007ffb752e1000 	C:\WINDOWS\System32\win32u.dll
0x00007ffb76ee0000 - 0x00007ffb76f06000 	C:\WINDOWS\System32\GDI32.dll
0x00007ffb75020000 - 0x00007ffb751b6000 	C:\WINDOWS\System32\gdi32full.dll
0x00007ffb74470000 - 0x00007ffb7450e000 	C:\WINDOWS\System32\msvcp_win.dll
0x00007ffb751c0000 - 0x00007ffb752ba000 	C:\WINDOWS\System32\ucrtbase.dll
0x00007ffb5eb90000 - 0x00007ffb5ee14000 	C:\WINDOWS\WinSxS\amd64_microsoft.windows.common-controls_6595b64144ccf1df_6.0.18362.1256_none_9e7e379be45e40e2\COMCTL32.dll
0x00007ffb75650000 - 0x00007ffb75986000 	C:\WINDOWS\System32\combase.dll
0x00007ffb6e940000 - 0x00007ffb6e94a000 	C:\WINDOWS\SYSTEM32\VERSION.dll
0x00007ffb75520000 - 0x00007ffb755a1000 	C:\WINDOWS\System32\bcryptPrimitives.dll
0x00007ffb76eb0000 - 0x00007ffb76ede000 	C:\WINDOWS\System32\IMM32.DLL
0x00007ffb71df0000 - 0x00007ffb71e06000 	C:\Program Files\Java\jdk-11.0.2\bin\vcruntime140.dll
0x00007ffb5c1a0000 - 0x00007ffb5c24a000 	C:\Program Files\Java\jdk-11.0.2\bin\msvcp140.dll
0x00007ffb153a0000 - 0x00007ffb15ec7000 	C:\Program Files\Java\jdk-11.0.2\bin\server\jvm.dll
0x00007ffb76ab0000 - 0x00007ffb76ab8000 	C:\WINDOWS\System32\PSAPI.DLL
0x00007ffb634b0000 - 0x00007ffb634b9000 	C:\WINDOWS\SYSTEM32\WSOCK32.dll
0x00007ffb71d80000 - 0x00007ffb71da4000 	C:\WINDOWS\SYSTEM32\WINMM.dll
0x00007ffb771e0000 - 0x00007ffb7724f000 	C:\WINDOWS\System32\WS2_32.dll
0x00007ffb71d50000 - 0x00007ffb71d7d000 	C:\WINDOWS\SYSTEM32\winmmbase.dll
0x00007ffb747e0000 - 0x00007ffb7482a000 	C:\WINDOWS\System32\cfgmgr32.dll
0x00007ffb74450000 - 0x00007ffb74461000 	C:\WINDOWS\System32\kernel.appcore.dll
0x00007ffb6a5c0000 - 0x00007ffb6a5d1000 	C:\Program Files\Java\jdk-11.0.2\bin\verify.dll
0x00007ffb72c50000 - 0x00007ffb72e44000 	C:\WINDOWS\SYSTEM32\DBGHELP.DLL
0x00007ffb6cd70000 - 0x00007ffb6cd9a000 	C:\WINDOWS\SYSTEM32\dbgcore.DLL
0x00007ffb6a590000 - 0x00007ffb6a5b9000 	C:\Program Files\Java\jdk-11.0.2\bin\java.dll
0x00007ffb5e230000 - 0x00007ffb5e25f000 	C:\Program Files\Java\jdk-11.0.2\bin\instrument.dll
0x00007ffb5aee0000 - 0x00007ffb5aef6000 	C:\Program Files\Java\jdk-11.0.2\bin\zip.dll
0x00007ffb71dd0000 - 0x00007ffb71dda000 	C:\Program Files\Java\jdk-11.0.2\bin\jimage.dll
0x00007ffb75aa0000 - 0x00007ffb76187000 	C:\WINDOWS\System32\SHELL32.dll
0x00007ffb764c0000 - 0x00007ffb76569000 	C:\WINDOWS\System32\shcore.dll
0x00007ffb74890000 - 0x00007ffb75011000 	C:\WINDOWS\System32\windows.storage.dll
0x00007ffb74400000 - 0x00007ffb74423000 	C:\WINDOWS\System32\profapi.dll
0x00007ffb743b0000 - 0x00007ffb743fa000 	C:\WINDOWS\System32\powrprof.dll
0x00007ffb743a0000 - 0x00007ffb743b0000 	C:\WINDOWS\System32\UMPDC.dll
0x00007ffb76570000 - 0x00007ffb765c2000 	C:\WINDOWS\System32\shlwapi.dll
0x00007ffb747c0000 - 0x00007ffb747d7000 	C:\WINDOWS\System32\cryptsp.dll
0x00007ffb5ae70000 - 0x00007ffb5ae89000 	C:\Program Files\Java\jdk-11.0.2\bin\net.dll
0x00007ffb615b0000 - 0x00007ffb61786000 	C:\WINDOWS\SYSTEM32\urlmon.dll
0x00007ffb69080000 - 0x00007ffb69170000 	C:\WINDOWS\SYSTEM32\WINHTTP.dll
0x00007ffb60db0000 - 0x00007ffb61057000 	C:\WINDOWS\SYSTEM32\iertutil.dll
0x00007ffb73cc0000 - 0x00007ffb73ccc000 	C:\WINDOWS\SYSTEM32\CRYPTBASE.DLL
0x00007ffb73b40000 - 0x00007ffb73ba7000 	C:\WINDOWS\system32\mswsock.dll
0x00007ffb5ae50000 - 0x00007ffb5ae63000 	C:\Program Files\Java\jdk-11.0.2\bin\nio.dll
0x00007ffb5e1e0000 - 0x00007ffb5e1fa000 	C:\Program Files\JetBrains\IntelliJ IDEA 2020.2.2\bin\breakgen64.dll
0x00007ffb63410000 - 0x00007ffb63419000 	C:\Program Files\Java\jdk-11.0.2\bin\management.dll
0x00007ffb62c80000 - 0x00007ffb62c8c000 	C:\Program Files\Java\jdk-11.0.2\bin\management_ext.dll
0x00007ffb60690000 - 0x00007ffb606a6000 	C:\WINDOWS\system32\napinsp.dll
0x00007ffb60670000 - 0x00007ffb6068a000 	C:\WINDOWS\system32\pnrpnsp.dll
0x00007ffb738a0000 - 0x00007ffb7396b000 	C:\WINDOWS\SYSTEM32\DNSAPI.dll
0x00007ffb76190000 - 0x00007ffb76198000 	C:\WINDOWS\System32\NSI.dll
0x00007ffb73860000 - 0x00007ffb7389a000 	C:\WINDOWS\SYSTEM32\IPHLPAPI.DLL
0x00007ffb60630000 - 0x00007ffb6063e000 	C:\WINDOWS\System32\winrnr.dll
0x00007ffb6e790000 - 0x00007ffb6e7ac000 	C:\WINDOWS\system32\NLAapi.dll
0x00007ffb6fde0000 - 0x00007ffb6fdf5000 	C:\WINDOWS\system32\wshbth.dll
0x00007ffb673e0000 - 0x00007ffb673ea000 	C:\Windows\System32\rasadhlp.dll
0x00007ffb6beb0000 - 0x00007ffb6bf27000 	C:\WINDOWS\System32\fwpuclnt.dll
0x00007ffb754f0000 - 0x00007ffb75516000 	C:\WINDOWS\System32\bcrypt.dll

dbghelp: loaded successfully - version: 4.0.5 - missing functions: none
symbol engine: initialized successfully - sym options: 0x614 - pdb path: (cannot be retrieved)

VM Arguments:
jvm_args: -ea -Didea.test.cyclic.buffer.size=1048576 -javaagent:C:\Program Files\JetBrains\IntelliJ IDEA 2020.2.2\lib\idea_rt.jar=62181:C:\Program Files\JetBrains\IntelliJ IDEA 2020.2.2\bin -Dfile.encoding=UTF-8 
java_command: com.intellij.rt.junit.JUnitStarter -ideVersion5 -junit5 project_java.project.controller.CategoryControllerIT,addNewCategory
java_class_path (initial): C:\Program Files\JetBrains\IntelliJ IDEA 2020.2.2\lib\idea_rt.jar;C:\Users\anama\.m2\repository\org\junit\platform\junit-platform-launcher\1.7.0\junit-platform-launcher-1.7.0.jar;C:\Program Files\JetBrains\IntelliJ IDEA 2020.2.2\plugins\junit\lib\junit5-rt.jar;C:\Program Files\JetBrains\IntelliJ IDEA 2020.2.2\plugins\junit\lib\junit-rt.jar;C:\Users\anama\IdeaProjects\Management_bilete_la_spectacol\target\test-classes;C:\Users\anama\IdeaProjects\Management_bilete_la_spectacol\target\classes;C:\Users\anama\.m2\repository\mysql\mysql-connector-java\8.0.22\mysql-connector-java-8.0.22.jar;C:\Users\anama\.m2\repository\org\springframework\boot\spring-boot-starter-data-jdbc\2.4.1\spring-boot-starter-data-jdbc-2.4.1.jar;C:\Users\anama\.m2\repository\org\springframework\data\spring-data-jdbc\2.1.2\spring-data-jdbc-2.1.2.jar;C:\Users\anama\.m2\repository\org\springframework\data\spring-data-relational\2.1.2\spring-data-relational-2.1.2.jar;C:\Users\anama\.m2\repository\org\springframework\data\spring-data-commons\2.4.2\spring-data-commons-2.4.2.jar;C:\Users\anama\.m2\repository\org\springframework\spring-tx\5.3.2\spring-tx-5.3.2.jar;C:\Users\anama\.m2\repository\org\springframework\spring-context\5.3.2\spring-context-5.3.2.jar;C:\Users\anama\.m2\repository\org\springframework\spring-beans\5.3.2\spring-beans-5.3.2.jar;C:\Users\anama\.m2\repository\org\slf4j\slf4j-api\1.7.30\slf4j-api-1.7.30.jar;C:\Users\anama\.m2\repository\org\springframework\boot\spring-boot-starter-jdbc\2.4.1\spring-boot-starter-jdbc-2.4.1.jar;C:\Users\anama\.m2\repository\org\springframework\boot\spring-boot-starter\2.4.1\spring-boot-starter-2.4.1.jar;C:\Users\anama\.m2\repository\org\springframework\boot\spring-boot\2.4.1\spring-boot-2.4.1.jar;C:\Users\anama\.m2\repository\org\springframework\boot\spring-boot-autoconfigure\2.4.1\spring-boot-autoconfigure-2.4.1.jar;C:\Users\anama\.m2\repository\org\springframework\boot\spring-boot-starter-logging\2.4.1\spring-boot-starter-loggi
Launcher Type: SUN_STANDARD

[Global flags]
     intx CICompilerCount                          = 4                                         {product} {ergonomic}
     uint ConcGCThreads                            = 2                                         {product} {ergonomic}
     uint G1ConcRefinementThreads                  = 8                                         {product} {ergonomic}
   size_t G1HeapRegionSize                         = 1048576                                   {product} {ergonomic}
    uintx GCDrainStackTargetSize                   = 64                                        {product} {ergonomic}
   size_t InitialHeapSize                          = 134217728                                 {product} {ergonomic}
   size_t MarkStackSize                            = 4194304                                   {product} {ergonomic}
   size_t MaxHeapSize                              = 2118123520                                {product} {ergonomic}
   size_t MaxNewSize                               = 1270874112                                {product} {ergonomic}
   size_t MinHeapDeltaBytes                        = 1048576                                   {product} {ergonomic}
    uintx NonNMethodCodeHeapSize                   = 5835340                                {pd product} {ergonomic}
    uintx NonProfiledCodeHeapSize                  = 122911450                              {pd product} {ergonomic}
    uintx ProfiledCodeHeapSize                     = 122911450                              {pd product} {ergonomic}
    uintx ReservedCodeCacheSize                    = 251658240                              {pd product} {ergonomic}
     bool SegmentedCodeCache                       = true                                      {product} {ergonomic}
     bool UseCompressedClassPointers               = true                                 {lp64_product} {ergonomic}
     bool UseCompressedOops                        = true                                 {lp64_product} {ergonomic}
     bool UseG1GC                                  = true                                      {product} {ergonomic}
     bool UseLargePagesIndividualAllocation        = false                                  {pd product} {ergonomic}

Logging:
Log output configuration:
 #0: stdout all=warning uptime,level,tags
 #1: stderr all=off uptime,level,tags

Environment Variables:
PATH=C:\Program Files (x86)\Common Files\Oracle\Java\javapath;C:\WINDOWS\system32;C:\WINDOWS;C:\WINDOWS\System32\Wbem;C:\WINDOWS\System32\WindowsPowerShell\v1.0\;C:\WINDOWS\System32\OpenSSH\;C:\Program Files\Git\cmd;C:\Users\anama\AppData\Roaming\Microsoft\Windows\Start Menu\Programs\Python 3.7\Python 3.7(64-bit);C:\Users\anama\AppData\Roaming\Microsoft\Windows\Start Menu\Programs\Python 3.7\python-3.7.3\Scripts;C:\flutter\bin;C:\Users\anama\AppData\Local\Programs\Python\Python37-32;C:\Users\anama\AppData\Local\Programs\Python\Python37-32\Scripts;C:\Program Files\Microsoft SQL Server\130\Tools\Binn\;D:\matlabstefan\Matlab\runtime\win64;D:\matlabstefan\Matlab\bin;D:\matlabstefan\Matlab\polyspace\bin;D:\matlab\MathWorks.MATLAB.R2019a.v9.6.0.1072779.x64.Incl.Crack\R2019a\R2019a2\runtime\win64;D:\matlab\MathWorks.MATLAB.R2019a.v9.6.0.1072779.x64.Incl.Crack\R2019a\R2019a2\bin;C:\Program Files\nodejs\;C:\PHP;;C:\Program Files\Symfony;C:\composer;C:\Program Files (x86)\Yarn\bin\;C:\Program Files\Docker\Docker\resources\bin;C:\ProgramData\DockerDesktop\version-bin;C:\Program Files\MySQL\MySQL Shell 8.0\bin\
USERNAME=anama
OS=Windows_NT
PROCESSOR_IDENTIFIER=Intel64 Family 6 Model 142 Stepping 10, GenuineIntel



---------------  S Y S T E M  ---------------

OS: Windows 10 , 64 bit Build 18362 (10.0.18362.1110)

CPU:total 8 (initial active 8) (4 cores per cpu, 2 threads per core) family 6 model 142 stepping 10, cmov, cx8, fxsr, mmx, sse, sse2, sse3, ssse3, sse4.1, sse4.2, popcnt, avx, avx2, aes, clmul, erms, 3dnowpref, lzcnt, ht, tsc, tscinvbit, bmi1, bmi2, adx, fma

Memory: 4k page, system-wide physical 8075M (913M free)
TotalPageFile size 14667M (AvailPageFile size 5M)
current process WorkingSet (physical memory assigned to process): 155M, peak: 155M
current process commit charge ("private bytes"): 259M, peak: 260M

vm_info: Java HotSpot(TM) 64-Bit Server VM (11.0.2+9-LTS) for windows-amd64 JRE (11.0.2+9-LTS), built on Jan 18 2019 05:24:10 by "mach5one" with MS VC++ 15.5 (VS2017)

END.
